Log file open, 09/02/20 13:14:48
LogWindows: Failed to load 'aqProf.dll' (GetLastError=126)
LogWindows: File 'aqProf.dll' does not exist
LogWindows: Failed to load 'VtuneApi.dll' (GetLastError=126)
LogWindows: File 'VtuneApi.dll' does not exist
LogWindows: Failed to load 'VtuneApi32e.dll' (GetLastError=126)
LogWindows: File 'VtuneApi32e.dll' does not exist
LogConsoleResponse: Display: Failed to find resolution value strings in scalability ini. Falling back to default.
LogInit: Display: Running engine for game: RPG
LogPlatformFile: Not using cached read wrapper
LogTaskGraph: Started task graph with 5 named threads and 35 total threads with 3 sets of task threads.
LogStats: Stats thread started at 0.051012
LogD3D11RHI: Loaded GFSDK_Aftermath_Lib.x64.dll
LogICUInternationalization: ICU TimeZone Detection - Raw Offset: +8:00, Platform Override: ''
LogPluginManager: Mounting plugin Paper2D
LogPluginManager: Mounting plugin AISupport
LogPluginManager: Mounting plugin LightPropagationVolume
LogPluginManager: Mounting plugin ActorLayerUtilities
LogPluginManager: Mounting plugin AnimationSharing
LogPluginManager: Mounting plugin CLionSourceCodeAccess
LogPluginManager: Mounting plugin CodeLiteSourceCodeAccess
LogPluginManager: Mounting plugin GitSourceControl
LogPluginManager: Mounting plugin KDevelopSourceCodeAccess
LogPluginManager: Mounting plugin NullSourceCodeAccess
LogPluginManager: Mounting plugin PerforceSourceControl
LogPluginManager: Mounting plugin PlasticSourceControl
LogPluginManager: Mounting plugin SubversionSourceControl
LogPluginManager: Mounting plugin UObjectPlugin
LogPluginManager: Mounting plugin VisualStudioCodeSourceCodeAccess
LogPluginManager: Mounting plugin VisualStudioSourceCodeAccess
LogPluginManager: Mounting plugin XCodeSourceCodeAccess
LogPluginManager: Mounting plugin AssetManagerEditor
LogPluginManager: Mounting plugin CryptoKeys
LogPluginManager: Mounting plugin CurveEditorTools
LogPluginManager: Mounting plugin DataValidation
LogPluginManager: Mounting plugin FacialAnimation
LogPluginManager: Mounting plugin GameplayTagsEditor
LogPluginManager: Mounting plugin MacGraphicsSwitching
LogPluginManager: Mounting plugin MaterialAnalyzer
LogPluginManager: Mounting plugin MobileLauncherProfileWizard
LogPluginManager: Mounting plugin PluginBrowser
LogPluginManager: Mounting plugin SpeedTreeImporter
LogPluginManager: Mounting plugin DatasmithContent
LogPluginManager: Mounting plugin VariantManagerContent
LogPluginManager: Mounting plugin AlembicImporter
LogPluginManager: Mounting plugin AutomationUtils
LogPluginManager: Mounting plugin BackChannel
LogPluginManager: Mounting plugin CharacterAI
LogPluginManager: Mounting plugin GeometryCache
LogPluginManager: Mounting plugin PlatformCrypto
LogPluginManager: Mounting plugin ProxyLODPlugin
LogPluginManager: Mounting plugin SkeletalReduction
LogPluginManager: Mounting plugin MagicLeap
LogPluginManager: Mounting plugin MagicLeapMedia
LogPluginManager: Mounting plugin MLSDK
LogPluginManager: Mounting plugin AndroidMedia
LogPluginManager: Mounting plugin AvfMedia
LogPluginManager: Mounting plugin ImgMedia
LogPluginManager: Mounting plugin MediaCompositing
LogPluginManager: Mounting plugin MediaPlayerEditor
LogPluginManager: Mounting plugin WebMMedia
LogPluginManager: Mounting plugin WmfMedia
LogPluginManager: Mounting plugin TcpMessaging
LogPluginManager: Mounting plugin UdpMessaging
LogPluginManager: Mounting plugin ActorSequence
LogPluginManager: Mounting plugin LevelSequenceEditor
LogPluginManager: Mounting plugin MatineeToLevelSequence
LogPluginManager: Mounting plugin NetcodeUnitTest
LogPluginManager: Mounting plugin NUTUnrealEngine4
LogPluginManager: Mounting plugin OnlineSubsystemGooglePlay
LogPluginManager: Mounting plugin OnlineSubsystemIOS
LogPluginManager: Mounting plugin OnlineSubsystem
LogPluginManager: Mounting plugin OnlineSubsystemNull
LogPluginManager: Mounting plugin OnlineSubsystemUtils
LogPluginManager: Mounting plugin LauncherChunkInstaller
LogPluginManager: Mounting plugin AndroidDeviceProfileSelector
LogPluginManager: Mounting plugin AndroidMoviePlayer
LogPluginManager: Mounting plugin AndroidPermission
LogPluginManager: Mounting plugin AppleImageUtils
LogPluginManager: Mounting plugin AppleMoviePlayer
LogPluginManager: Mounting plugin ArchVisCharacter
LogPluginManager: Mounting plugin AssetTags
LogPluginManager: Mounting plugin AudioCapture
LogPluginManager: Mounting plugin CableComponent
LogPluginManager: Mounting plugin CustomMeshComponent
LogPluginManager: Mounting plugin EditableMesh
LogPluginManager: Mounting plugin ExampleDeviceProfileSelector
LogPluginManager: Mounting plugin GoogleCloudMessaging
LogPluginManager: Mounting plugin IOSDeviceProfileSelector
LogPluginManager: Mounting plugin LinuxDeviceProfileSelector
LogPluginManager: Mounting plugin LocationServicesBPLibrary
LogPluginManager: Mounting plugin MobilePatchingUtils
LogPluginManager: Mounting plugin OculusVR
LogPluginManager: Mounting plugin PhysXVehicles
LogPluginManager: Mounting plugin PostSplashScreen
LogPluginManager: Mounting plugin ProceduralMeshComponent
LogPluginManager: Mounting plugin RuntimePhysXCooking
LogPluginManager: Mounting plugin SignificanceManager
LogPluginManager: Mounting plugin SteamVR
LogPluginManager: Mounting plugin WebMMoviePlayer
LogPluginManager: Mounting plugin WindowsMoviePlayer
LogPluginManager: Mounting plugin ScreenshotTools
LogInit: Using libcurl 7.55.1-DEV
LogInit:  - built for x86_64-pc-win32
LogInit:  - supports SSL with OpenSSL/1.1.1
LogInit:  - supports HTTP deflate (compression) using libz 1.2.8
LogInit:  - other features:
LogInit:      CURL_VERSION_SSL
LogInit:      CURL_VERSION_LIBZ
LogInit:      CURL_VERSION_IPV6
LogInit:      CURL_VERSION_ASYNCHDNS
LogInit:      CURL_VERSION_LARGEFILE
LogInit:      CURL_VERSION_IDN
LogInit:  CurlRequestOptions (configurable via config and command line):
LogInit:  - bVerifyPeer = true  - Libcurl will verify peer certificate
LogInit:  - bUseHttpProxy = false  - Libcurl will NOT use HTTP proxy
LogInit:  - bDontReuseConnections = false  - Libcurl will reuse connections
LogInit:  - MaxHostConnections = 16  - Libcurl will limit the number of connections to a host
LogInit:  - LocalHostAddr = Default
LogInit:  - BufferSize = 65536
LogOnline: OSS: Creating online subsystem instance for: NULL
LogInit: WinSock: version 1.1 (2.2), MaxSocks=32767, MaxUdp=65467
LogOnline: OSS: TryLoadSubsystemAndSetDefault: Loaded subsystem for module [NULL]
LogInit: Build: ++UE4+Release-4.24-CL-10757647
LogInit: Engine Version: 4.24.1-10757647+++UE4+Release-4.24
LogInit: Compatible Engine Version: 4.24.0-10570792+++UE4+Release-4.24
LogInit: Net CL: 10570792
LogInit: OS: Windows 10 (Release 1903) (), CPU: Intel(R) Core(TM) i7-8700 CPU @ 3.20GHz, GPU: NVIDIA Quadro P1000
LogInit: Compiled (64-bit): Dec 17 2019 02:08:03
LogInit: Compiled with Visual C++: 19.16.27032.01
LogInit: Build Configuration: Development
LogInit: Branch Name: ++UE4+Release-4.24
LogInit: Command Line: 
LogInit: Base Directory: C:/Program Files/Epic Games/UE_4.24/Engine/Binaries/Win64/
LogInit: Installed Engine Build: 1
LogDevObjectVersion: Number of dev versions registered: 25
LogDevObjectVersion:   Dev-Blueprints (B0D832E4-1F89-4F0D-ACCF-7EB736FD4AA2): 10
LogDevObjectVersion:   Dev-Build (E1C64328-A22C-4D53-A36C-8E866417BD8C): 0
LogDevObjectVersion:   Dev-Core (375EC13C-06E4-48FB-B500-84F0262A717E): 3
LogDevObjectVersion:   Dev-Editor (E4B068ED-F494-42E9-A231-DA0B2E46BB41): 37
LogDevObjectVersion:   Dev-Framework (CFFC743F-43B0-4480-9391-14DF171D2073): 36
LogDevObjectVersion:   Dev-Mobile (B02B49B5-BB20-44E9-A304-32B752E40360): 2
LogDevObjectVersion:   Dev-Networking (A4E4105C-59A1-49B5-A7C5-40C4547EDFEE): 0
LogDevObjectVersion:   Dev-Online (39C831C9-5AE6-47DC-9A44-9C173E1C8E7C): 0
LogDevObjectVersion:   Dev-Physics (78F01B33-EBEA-4F98-B9B4-84EACCB95AA2): 2
LogDevObjectVersion:   Dev-Platform (6631380F-2D4D-43E0-8009-CF276956A95A): 0
LogDevObjectVersion:   Dev-Rendering (12F88B9F-8875-4AFC-A67C-D90C383ABD29): 36
LogDevObjectVersion:   Dev-Sequencer (7B5AE74C-D270-4C10-A958-57980B212A5A): 11
LogDevObjectVersion:   Dev-VR (D7296918-1DD6-4BDD-9DE2-64A83CC13884): 2
LogDevObjectVersion:   Dev-LoadTimes (C2A15278-BFE7-4AFE-6C17-90FF531DF755): 1
LogDevObjectVersion:   Private-Geometry (6EACA3D4-40EC-4CC1-B786-8BED09428FC5): 3
LogDevObjectVersion:   Dev-AnimPhys (29E575DD-E0A3-4627-9D10-D276232CDCEA): 17
LogDevObjectVersion:   Dev-Anim (AF43A65D-7FD3-4947-9873-3E8ED9C1BB05): 2
LogDevObjectVersion:   Dev-ReflectionCapture (6B266CEC-1EC7-4B8F-A30B-E4D90942FC07): 1
LogDevObjectVersion:   Dev-Automation (0DF73D61-A23F-47EA-B727-89E90C41499A): 1
LogDevObjectVersion:   FortniteMain (601D1886-AC64-4F84-AA16-D3DE0DEAC7D6): 31
LogDevObjectVersion:   Dev-Enterprise (9DFFBCD6-494F-0158-E221-12823C92A888): 8
LogDevObjectVersion:   Dev-Niagara (F2AED0AC-9AFE-416F-8664-AA7FFA26D6FC): 1
LogDevObjectVersion:   Dev-Destruction (174F1F0B-B4C6-45A5-B13F-2EE8D0FB917D): 9
LogDevObjectVersion:   Dev-Physics-Ext (35F94A83-E258-406C-A318-09F59610247C): 8
LogDevObjectVersion:   Dev-CineCamera (B2E18506-4273-CFC2-A54E-F4BB758BBA07): 1
LogInit: Presizing for max 25165824 objects, including 0 objects not considered by GC, pre-allocating 0 bytes for permanent pool.
LogInit: Object subsystem initialized
LogConfig: Setting CVar [[con.DebugEarlyDefault:1]]
LogConfig: Setting CVar [[r.setres:1280x720]]
[2020.09.02-05.14.48:165][  0]LogConfig: Setting CVar [[r.VSync:0]]
[2020.09.02-05.14.48:165][  0]LogConfig: Setting CVar [[r.RHICmdBypass:0]]
[2020.09.02-05.14.48:165][  0]LogConfig: Applying CVar settings from Section [/Script/Engine.RendererSettings] File [D:/ting/Unreal_CY_RPG_New2/RPG/Saved/Config/Windows/Engine.ini]
[2020.09.02-05.14.48:165][  0]LogConfig: Setting CVar [[r.GPUCrashDebugging:0]]
[2020.09.02-05.14.48:165][  0]LogConfig: Applying CVar settings from Section [/Script/Engine.RendererOverrideSettings] File [D:/ting/Unreal_CY_RPG_New2/RPG/Saved/Config/Windows/Engine.ini]
[2020.09.02-05.14.48:165][  0]LogConfig: Applying CVar settings from Section [/Script/Engine.StreamingSettings] File [D:/ting/Unreal_CY_RPG_New2/RPG/Saved/Config/Windows/Engine.ini]
[2020.09.02-05.14.48:165][  0]LogConfig: Setting CVar [[s.MinBulkDataSizeForAsyncLoading:131072]]
[2020.09.02-05.14.48:165][  0]LogConfig: Setting CVar [[s.AsyncLoadingThreadEnabled:0]]
[2020.09.02-05.14.48:165][  0]LogConfig: Setting CVar [[s.EventDrivenLoaderEnabled:1]]
[2020.09.02-05.14.48:165][  0]LogConfig: Setting CVar [[s.WarnIfTimeLimitExceeded:0]]
[2020.09.02-05.14.48:165][  0]LogConfig: Setting CVar [[s.TimeLimitExceededMultiplier:1.5]]
[2020.09.02-05.14.48:165][  0]LogConfig: Setting CVar [[s.TimeLimitExceededMinTime:0.005]]
[2020.09.02-05.14.48:165][  0]LogConfig: Setting CVar [[s.UseBackgroundLevelStreaming:1]]
[2020.09.02-05.14.48:165][  0]LogConfig: Setting CVar [[s.PriorityAsyncLoadingExtraTime:15.0]]
[2020.09.02-05.14.48:165][  0]LogConfig: Setting CVar [[s.LevelStreamingActorsUpdateTimeLimit:5.0]]
[2020.09.02-05.14.48:165][  0]LogConfig: Setting CVar [[s.PriorityLevelStreamingActorsUpdateExtraTime:5.0]]
[2020.09.02-05.14.48:165][  0]LogConfig: Setting CVar [[s.LevelStreamingComponentsRegistrationGranularity:10]]
[2020.09.02-05.14.48:165][  0]LogConfig: Setting CVar [[s.UnregisterComponentsTimeLimit:1.0]]
[2020.09.02-05.14.48:165][  0]LogConfig: Setting CVar [[s.LevelStreamingComponentsUnregistrationGranularity:5]]
[2020.09.02-05.14.48:165][  0]LogConfig: Setting CVar [[s.FlushStreamingOnExit:1]]
[2020.09.02-05.14.48:165][  0]LogConfig: Applying CVar settings from Section [/Script/Engine.GarbageCollectionSettings] File [D:/ting/Unreal_CY_RPG_New2/RPG/Saved/Config/Windows/Engine.ini]
[2020.09.02-05.14.48:165][  0]LogConfig: Setting CVar [[gc.MaxObjectsNotConsideredByGC:1]]
[2020.09.02-05.14.48:165][  0]LogConfig: Setting CVar [[gc.SizeOfPermanentObjectPool:0]]
[2020.09.02-05.14.48:165][  0]LogConfig: Setting CVar [[gc.FlushStreamingOnGC:0]]
[2020.09.02-05.14.48:165][  0]LogConfig: Setting CVar [[gc.NumRetriesBeforeForcingGC:10]]
[2020.09.02-05.14.48:165][  0]LogConfig: Setting CVar [[gc.AllowParallelGC:1]]
[2020.09.02-05.14.48:165][  0]LogConfig: Setting CVar [[gc.TimeBetweenPurgingPendingKillObjects:61.1]]
[2020.09.02-05.14.48:165][  0]LogConfig: Setting CVar [[gc.MaxObjectsInEditor:25165824]]
[2020.09.02-05.14.48:165][  0]LogConfig: Setting CVar [[gc.IncrementalBeginDestroyEnabled:1]]
[2020.09.02-05.14.48:165][  0]LogConfig: Setting CVar [[gc.CreateGCClusters:1]]
[2020.09.02-05.14.48:165][  0]LogConfig: Setting CVar [[gc.MinGCClusterSize:5]]
[2020.09.02-05.14.48:165][  0]LogConfig: Setting CVar [[gc.ActorClusteringEnabled:0]]
[2020.09.02-05.14.48:165][  0]LogConfig: Setting CVar [[gc.BlueprintClusteringEnabled:0]]
[2020.09.02-05.14.48:165][  0]LogConfig: Setting CVar [[gc.UseDisregardForGCOnDedicatedServers:0]]
[2020.09.02-05.14.48:165][  0]LogConfig: Applying CVar settings from Section [/Script/Engine.NetworkSettings] File [D:/ting/Unreal_CY_RPG_New2/RPG/Saved/Config/Windows/Engine.ini]
[2020.09.02-05.14.48:165][  0]LogConfig: Applying CVar settings from Section [/Script/UnrealEd.CookerSettings] File [D:/ting/Unreal_CY_RPG_New2/RPG/Saved/Config/Windows/Engine.ini]
[2020.09.02-05.14.48:167][  0]LogConfig: Applying CVar settings from Section [ViewDistanceQuality@3] File [D:/ting/Unreal_CY_RPG_New2/RPG/Saved/Config/Windows/Scalability.ini]
[2020.09.02-05.14.48:167][  0]LogConfig: Setting CVar [[r.SkeletalMeshLODBias:0]]
[2020.09.02-05.14.48:167][  0]LogConfig: Setting CVar [[r.ViewDistanceScale:1.0]]
[2020.09.02-05.14.48:167][  0]LogConfig: Applying CVar settings from Section [AntiAliasingQuality@3] File [D:/ting/Unreal_CY_RPG_New2/RPG/Saved/Config/Windows/Scalability.ini]
[2020.09.02-05.14.48:167][  0]LogConfig: Setting CVar [[r.PostProcessAAQuality:4]]
[2020.09.02-05.14.48:167][  0]LogConfig: Applying CVar settings from Section [ShadowQuality@3] File [D:/ting/Unreal_CY_RPG_New2/RPG/Saved/Config/Windows/Scalability.ini]
[2020.09.02-05.14.48:167][  0]LogConfig: Setting CVar [[r.LightFunctionQuality:1]]
[2020.09.02-05.14.48:167][  0]LogConfig: Setting CVar [[r.ShadowQuality:5]]
[2020.09.02-05.14.48:167][  0]LogConfig: Setting CVar [[r.Shadow.CSM.MaxCascades:10]]
[2020.09.02-05.14.48:167][  0]LogConfig: Setting CVar [[r.Shadow.MaxResolution:2048]]
[2020.09.02-05.14.48:167][  0]LogConfig: Setting CVar [[r.Shadow.MaxCSMResolution:2048]]
[2020.09.02-05.14.48:167][  0]LogConfig: Setting CVar [[r.Shadow.RadiusThreshold:0.01]]
[2020.09.02-05.14.48:167][  0]LogConfig: Setting CVar [[r.Shadow.DistanceScale:1.0]]
[2020.09.02-05.14.48:167][  0]LogConfig: Setting CVar [[r.Shadow.CSM.TransitionScale:1.0]]
[2020.09.02-05.14.48:167][  0]LogConfig: Setting CVar [[r.Shadow.PreShadowResolutionFactor:1.0]]
[2020.09.02-05.14.48:167][  0]LogConfig: Setting CVar [[r.DistanceFieldShadowing:1]]
[2020.09.02-05.14.48:167][  0]LogConfig: Setting CVar [[r.DistanceFieldAO:1]]
[2020.09.02-05.14.48:167][  0]LogConfig: Setting CVar [[r.AOQuality:2]]
[2020.09.02-05.14.48:167][  0]LogConfig: Setting CVar [[r.VolumetricFog:1]]
[2020.09.02-05.14.48:167][  0]LogConfig: Setting CVar [[r.VolumetricFog.GridPixelSize:8]]
[2020.09.02-05.14.48:167][  0]LogConfig: Setting CVar [[r.VolumetricFog.GridSizeZ:128]]
[2020.09.02-05.14.48:167][  0]LogConfig: Setting CVar [[r.VolumetricFog.HistoryMissSupersampleCount:4]]
[2020.09.02-05.14.48:167][  0]LogConfig: Setting CVar [[r.LightMaxDrawDistanceScale:1]]
[2020.09.02-05.14.48:167][  0]LogConfig: Setting CVar [[r.CapsuleShadows:1]]
[2020.09.02-05.14.48:167][  0]LogConfig: Applying CVar settings from Section [PostProcessQuality@3] File [D:/ting/Unreal_CY_RPG_New2/RPG/Saved/Config/Windows/Scalability.ini]
[2020.09.02-05.14.48:167][  0]LogConfig: Setting CVar [[r.MotionBlurQuality:4]]
[2020.09.02-05.14.48:167][  0]LogConfig: Setting CVar [[r.AmbientOcclusionMipLevelFactor:0.4]]
[2020.09.02-05.14.48:167][  0]LogConfig: Setting CVar [[r.AmbientOcclusionMaxQuality:100]]
[2020.09.02-05.14.48:167][  0]LogConfig: Setting CVar [[r.AmbientOcclusionLevels:-1]]
[2020.09.02-05.14.48:167][  0]LogConfig: Setting CVar [[r.AmbientOcclusionRadiusScale:1.0]]
[2020.09.02-05.14.48:167][  0]LogConfig: Setting CVar [[r.DepthOfFieldQuality:2]]
[2020.09.02-05.14.48:167][  0]LogConfig: Setting CVar [[r.RenderTargetPoolMin:400]]
[2020.09.02-05.14.48:167][  0]LogConfig: Setting CVar [[r.LensFlareQuality:2]]
[2020.09.02-05.14.48:167][  0]LogConfig: Setting CVar [[r.SceneColorFringeQuality:1]]
[2020.09.02-05.14.48:167][  0]LogConfig: Setting CVar [[r.EyeAdaptationQuality:2]]
[2020.09.02-05.14.48:167][  0]LogConfig: Setting CVar [[r.BloomQuality:5]]
[2020.09.02-05.14.48:168][  0]LogConfig: Setting CVar [[r.FastBlurThreshold:100]]
[2020.09.02-05.14.48:168][  0]LogConfig: Setting CVar [[r.Upscale.Quality:3]]
[2020.09.02-05.14.48:168][  0]LogConfig: Setting CVar [[r.Tonemapper.GrainQuantization:1]]
[2020.09.02-05.14.48:168][  0]LogConfig: Setting CVar [[r.LightShaftQuality:1]]
[2020.09.02-05.14.48:168][  0]LogConfig: Setting CVar [[r.Filter.SizeScale:1]]
[2020.09.02-05.14.48:168][  0]LogConfig: Setting CVar [[r.Tonemapper.Quality:5]]
[2020.09.02-05.14.48:168][  0]LogConfig: Setting CVar [[r.DOF.Gather.AccumulatorQuality:1        ; higher gathering accumulator quality]]
[2020.09.02-05.14.48:168][  0]LogConfig: Setting CVar [[r.DOF.Gather.PostfilterMethod:1          ; Median3x3 postfilering method]]
[2020.09.02-05.14.48:168][  0]LogConfig: Setting CVar [[r.DOF.Gather.EnableBokehSettings:0       ; no bokeh simulation when gathering]]
[2020.09.02-05.14.48:168][  0]LogConfig: Setting CVar [[r.DOF.Gather.RingCount:4                 ; medium number of samples when gathering]]
[2020.09.02-05.14.48:168][  0]LogConfig: Setting CVar [[r.DOF.Scatter.ForegroundCompositing:1    ; additive foreground scattering]]
[2020.09.02-05.14.48:168][  0]LogConfig: Setting CVar [[r.DOF.Scatter.BackgroundCompositing:2    ; additive background scattering]]
[2020.09.02-05.14.48:168][  0]LogConfig: Setting CVar [[r.DOF.Scatter.EnableBokehSettings:1      ; bokeh simulation when scattering]]
[2020.09.02-05.14.48:168][  0]LogConfig: Setting CVar [[r.DOF.Scatter.MaxSpriteRatio:0.1         ; only a maximum of 10% of scattered bokeh]]
[2020.09.02-05.14.48:168][  0]LogConfig: Setting CVar [[r.DOF.Recombine.Quality:1                ; cheap slight out of focus]]
[2020.09.02-05.14.48:168][  0]LogConfig: Setting CVar [[r.DOF.Recombine.EnableBokehSettings:0    ; no bokeh simulation on slight out of focus]]
[2020.09.02-05.14.48:168][  0]LogConfig: Setting CVar [[r.DOF.TemporalAAQuality:1                ; more stable temporal accumulation]]
[2020.09.02-05.14.48:168][  0]LogConfig: Setting CVar [[r.DOF.Kernel.MaxForegroundRadius:0.025]]
[2020.09.02-05.14.48:168][  0]LogConfig: Setting CVar [[r.DOF.Kernel.MaxBackgroundRadius:0.025]]
[2020.09.02-05.14.48:168][  0]LogConfig: Applying CVar settings from Section [TextureQuality@3] File [D:/ting/Unreal_CY_RPG_New2/RPG/Saved/Config/Windows/Scalability.ini]
[2020.09.02-05.14.48:168][  0]LogConfig: Setting CVar [[r.Streaming.MipBias:0]]
[2020.09.02-05.14.48:168][  0]LogConfig: Setting CVar [[r.Streaming.AmortizeCPUToGPUCopy:0]]
[2020.09.02-05.14.48:168][  0]LogConfig: Setting CVar [[r.Streaming.MaxNumTexturesToStreamPerFrame:0]]
[2020.09.02-05.14.48:168][  0]LogConfig: Setting CVar [[r.Streaming.Boost:1]]
[2020.09.02-05.14.48:168][  0]LogConfig: Setting CVar [[r.MaxAnisotropy:8]]
[2020.09.02-05.14.48:168][  0]LogConfig: Setting CVar [[r.VT.MaxAnisotropy:8]]
[2020.09.02-05.14.48:168][  0]LogConfig: Setting CVar [[r.Streaming.LimitPoolSizeToVRAM:0]]
[2020.09.02-05.14.48:168][  0]LogConfig: Setting CVar [[r.Streaming.PoolSize:1000]]
[2020.09.02-05.14.48:168][  0]LogConfig: Setting CVar [[r.Streaming.MaxEffectiveScreenSize:0]]
[2020.09.02-05.14.48:168][  0]LogConfig: Applying CVar settings from Section [EffectsQuality@3] File [D:/ting/Unreal_CY_RPG_New2/RPG/Saved/Config/Windows/Scalability.ini]
[2020.09.02-05.14.48:168][  0]LogConfig: Setting CVar [[r.TranslucencyLightingVolumeDim:64]]
[2020.09.02-05.14.48:168][  0]LogConfig: Setting CVar [[r.RefractionQuality:2]]
[2020.09.02-05.14.48:168][  0]LogConfig: Setting CVar [[r.SSR.Quality:3]]
[2020.09.02-05.14.48:168][  0]LogConfig: Setting CVar [[r.SSR.HalfResSceneColor:0]]
[2020.09.02-05.14.48:168][  0]LogConfig: Setting CVar [[r.SceneColorFormat:4]]
[2020.09.02-05.14.48:168][  0]LogConfig: Setting CVar [[r.DetailMode:2]]
[2020.09.02-05.14.48:168][  0]LogConfig: Setting CVar [[r.TranslucencyVolumeBlur:1]]
[2020.09.02-05.14.48:168][  0]LogConfig: Setting CVar [[r.MaterialQualityLevel:1 ; High quality]]
[2020.09.02-05.14.48:168][  0]LogConfig: Setting CVar [[r.SSS.Scale:1]]
[2020.09.02-05.14.48:168][  0]LogConfig: Setting CVar [[r.SSS.SampleSet:2]]
[2020.09.02-05.14.48:168][  0]LogConfig: Setting CVar [[r.SSS.Quality:1]]
[2020.09.02-05.14.48:168][  0]LogConfig: Setting CVar [[r.SSS.HalfRes:1]]
[2020.09.02-05.14.48:168][  0]LogConfig: Setting CVar [[r.SSGI.Quality:3]]
[2020.09.02-05.14.48:168][  0]LogConfig: Setting CVar [[r.EmitterSpawnRateScale:1.0]]
[2020.09.02-05.14.48:168][  0]LogConfig: Setting CVar [[r.ParticleLightQuality:2]]
[2020.09.02-05.14.48:168][  0]LogConfig: Setting CVar [[r.SkyAtmosphere.AerialPerspectiveLUT.FastApplyOnOpaque:1 ; Always have FastSkyLUT 1 in this case to avoid wrong sky]]
[2020.09.02-05.14.48:168][  0]LogConfig: Setting CVar [[r.SkyAtmosphere.AerialPerspectiveLUT.SampleCountPerSlice:1]]
[2020.09.02-05.14.48:168][  0]LogConfig: Setting CVar [[r.SkyAtmosphere.AerialPerspectiveLUT.DepthResolution:16.0]]
[2020.09.02-05.14.48:168][  0]LogConfig: Setting CVar [[r.SkyAtmosphere.FastSkyLUT:1]]
[2020.09.02-05.14.48:168][  0]LogConfig: Setting CVar [[r.SkyAtmosphere.FastSkyLUT.SampleCountMin:4.0]]
[2020.09.02-05.14.48:168][  0]LogConfig: Setting CVar [[r.SkyAtmosphere.FastSkyLUT.SampleCountMax:32.0]]
[2020.09.02-05.14.48:168][  0]LogConfig: Setting CVar [[r.SkyAtmosphere.SampleCountMin:4.0]]
[2020.09.02-05.14.48:168][  0]LogConfig: Setting CVar [[r.SkyAtmosphere.SampleCountMax:32.0]]
[2020.09.02-05.14.48:168][  0]LogConfig: Setting CVar [[r.SkyAtmosphere.TransmittanceLUT.UseSmallFormat:0]]
[2020.09.02-05.14.48:168][  0]LogConfig: Setting CVar [[r.SkyAtmosphere.TransmittanceLUT.SampleCount:10.0]]
[2020.09.02-05.14.48:168][  0]LogConfig: Setting CVar [[r.SkyAtmosphere.MultiScatteringLUT.SampleCount:15.0]]
[2020.09.02-05.14.48:168][  0]LogConfig: Applying CVar settings from Section [FoliageQuality@3] File [D:/ting/Unreal_CY_RPG_New2/RPG/Saved/Config/Windows/Scalability.ini]
[2020.09.02-05.14.48:168][  0]LogConfig: Setting CVar [[foliage.DensityScale:1.0]]
[2020.09.02-05.14.48:168][  0]LogConfig: Setting CVar [[grass.DensityScale:1.0]]
[2020.09.02-05.14.48:168][  0]LogConfig: Applying CVar settings from Section [ShadingQuality@3] File [D:/ting/Unreal_CY_RPG_New2/RPG/Saved/Config/Windows/Scalability.ini]
[2020.09.02-05.14.48:168][  0]LogConfig: Setting CVar [[r.HairStrands.SkyLighting.SampleCount:16]]
[2020.09.02-05.14.48:168][  0]LogConfig: Setting CVar [[r.HairStrands.SkyLighting.JitterIntegration:0]]
[2020.09.02-05.14.48:168][  0]LogConfig: Setting CVar [[r.HairStrands.SkyAO.SampleCount:16]]
[2020.09.02-05.14.48:168][  0]LogInit: Selected Device Profile: [Windows]
[2020.09.02-05.14.48:168][  0]LogInit: Applying CVar settings loaded from the selected device profile: [Windows]
[2020.09.02-05.14.48:170][  0]LogHAL: Display: Platform has ~ 16 GB [17048686592 / 17179869184 / 16], which maps to Larger [LargestMinGB=32, LargerMinGB=12, DefaultMinGB=8, SmallerMinGB=6, SmallestMinGB=0)
[2020.09.02-05.14.48:170][  0]LogInit: Going up to parent DeviceProfile []
[2020.09.02-05.14.48:170][  0]LogConfig: Applying CVar settings from Section [ViewDistanceQuality@3] File [D:/ting/Unreal_CY_RPG_New2/RPG/Saved/Config/Windows/Scalability.ini]
[2020.09.02-05.14.48:170][  0]LogConfig: Setting CVar [[r.SkeletalMeshLODBias:0]]
[2020.09.02-05.14.48:170][  0]LogConfig: Setting CVar [[r.ViewDistanceScale:1.0]]
[2020.09.02-05.14.48:170][  0]LogConfig: Applying CVar settings from Section [AntiAliasingQuality@3] File [D:/ting/Unreal_CY_RPG_New2/RPG/Saved/Config/Windows/Scalability.ini]
[2020.09.02-05.14.48:170][  0]LogConfig: Setting CVar [[r.PostProcessAAQuality:4]]
[2020.09.02-05.14.48:170][  0]LogConfig: Applying CVar settings from Section [ShadowQuality@3] File [D:/ting/Unreal_CY_RPG_New2/RPG/Saved/Config/Windows/Scalability.ini]
[2020.09.02-05.14.48:170][  0]LogConfig: Setting CVar [[r.LightFunctionQuality:1]]
[2020.09.02-05.14.48:170][  0]LogConfig: Setting CVar [[r.ShadowQuality:5]]
[2020.09.02-05.14.48:170][  0]LogConfig: Setting CVar [[r.Shadow.CSM.MaxCascades:10]]
[2020.09.02-05.14.48:170][  0]LogConfig: Setting CVar [[r.Shadow.MaxResolution:2048]]
[2020.09.02-05.14.48:170][  0]LogConfig: Setting CVar [[r.Shadow.MaxCSMResolution:2048]]
[2020.09.02-05.14.48:170][  0]LogConfig: Setting CVar [[r.Shadow.RadiusThreshold:0.01]]
[2020.09.02-05.14.48:170][  0]LogConfig: Setting CVar [[r.Shadow.DistanceScale:1.0]]
[2020.09.02-05.14.48:170][  0]LogConfig: Setting CVar [[r.Shadow.CSM.TransitionScale:1.0]]
[2020.09.02-05.14.48:170][  0]LogConfig: Setting CVar [[r.Shadow.PreShadowResolutionFactor:1.0]]
[2020.09.02-05.14.48:170][  0]LogConfig: Setting CVar [[r.DistanceFieldShadowing:1]]
[2020.09.02-05.14.48:170][  0]LogConfig: Setting CVar [[r.DistanceFieldAO:1]]
[2020.09.02-05.14.48:170][  0]LogConfig: Setting CVar [[r.AOQuality:2]]
[2020.09.02-05.14.48:170][  0]LogConfig: Setting CVar [[r.VolumetricFog:1]]
[2020.09.02-05.14.48:170][  0]LogConfig: Setting CVar [[r.VolumetricFog.GridPixelSize:8]]
[2020.09.02-05.14.48:170][  0]LogConfig: Setting CVar [[r.VolumetricFog.GridSizeZ:128]]
[2020.09.02-05.14.48:170][  0]LogConfig: Setting CVar [[r.VolumetricFog.HistoryMissSupersampleCount:4]]
[2020.09.02-05.14.48:170][  0]LogConfig: Setting CVar [[r.LightMaxDrawDistanceScale:1]]
[2020.09.02-05.14.48:170][  0]LogConfig: Setting CVar [[r.CapsuleShadows:1]]
[2020.09.02-05.14.48:170][  0]LogConfig: Applying CVar settings from Section [PostProcessQuality@3] File [D:/ting/Unreal_CY_RPG_New2/RPG/Saved/Config/Windows/Scalability.ini]
[2020.09.02-05.14.48:170][  0]LogConfig: Setting CVar [[r.MotionBlurQuality:4]]
[2020.09.02-05.14.48:170][  0]LogConfig: Setting CVar [[r.AmbientOcclusionMipLevelFactor:0.4]]
[2020.09.02-05.14.48:170][  0]LogConfig: Setting CVar [[r.AmbientOcclusionMaxQuality:100]]
[2020.09.02-05.14.48:170][  0]LogConfig: Setting CVar [[r.AmbientOcclusionLevels:-1]]
[2020.09.02-05.14.48:170][  0]LogConfig: Setting CVar [[r.AmbientOcclusionRadiusScale:1.0]]
[2020.09.02-05.14.48:170][  0]LogConfig: Setting CVar [[r.DepthOfFieldQuality:2]]
[2020.09.02-05.14.48:170][  0]LogConfig: Setting CVar [[r.RenderTargetPoolMin:400]]
[2020.09.02-05.14.48:170][  0]LogConfig: Setting CVar [[r.LensFlareQuality:2]]
[2020.09.02-05.14.48:170][  0]LogConfig: Setting CVar [[r.SceneColorFringeQuality:1]]
[2020.09.02-05.14.48:171][  0]LogConfig: Setting CVar [[r.EyeAdaptationQuality:2]]
[2020.09.02-05.14.48:171][  0]LogConfig: Setting CVar [[r.BloomQuality:5]]
[2020.09.02-05.14.48:171][  0]LogConfig: Setting CVar [[r.FastBlurThreshold:100]]
[2020.09.02-05.14.48:171][  0]LogConfig: Setting CVar [[r.Upscale.Quality:3]]
[2020.09.02-05.14.48:171][  0]LogConfig: Setting CVar [[r.Tonemapper.GrainQuantization:1]]
[2020.09.02-05.14.48:171][  0]LogConfig: Setting CVar [[r.LightShaftQuality:1]]
[2020.09.02-05.14.48:171][  0]LogConfig: Setting CVar [[r.Filter.SizeScale:1]]
[2020.09.02-05.14.48:171][  0]LogConfig: Setting CVar [[r.Tonemapper.Quality:5]]
[2020.09.02-05.14.48:171][  0]LogConfig: Setting CVar [[r.DOF.Gather.AccumulatorQuality:1        ; higher gathering accumulator quality]]
[2020.09.02-05.14.48:171][  0]LogConfig: Setting CVar [[r.DOF.Gather.PostfilterMethod:1          ; Median3x3 postfilering method]]
[2020.09.02-05.14.48:171][  0]LogConfig: Setting CVar [[r.DOF.Gather.EnableBokehSettings:0       ; no bokeh simulation when gathering]]
[2020.09.02-05.14.48:171][  0]LogConfig: Setting CVar [[r.DOF.Gather.RingCount:4                 ; medium number of samples when gathering]]
[2020.09.02-05.14.48:171][  0]LogConfig: Setting CVar [[r.DOF.Scatter.ForegroundCompositing:1    ; additive foreground scattering]]
[2020.09.02-05.14.48:171][  0]LogConfig: Setting CVar [[r.DOF.Scatter.BackgroundCompositing:2    ; additive background scattering]]
[2020.09.02-05.14.48:171][  0]LogConfig: Setting CVar [[r.DOF.Scatter.EnableBokehSettings:1      ; bokeh simulation when scattering]]
[2020.09.02-05.14.48:171][  0]LogConfig: Setting CVar [[r.DOF.Scatter.MaxSpriteRatio:0.1         ; only a maximum of 10% of scattered bokeh]]
[2020.09.02-05.14.48:171][  0]LogConfig: Setting CVar [[r.DOF.Recombine.Quality:1                ; cheap slight out of focus]]
[2020.09.02-05.14.48:171][  0]LogConfig: Setting CVar [[r.DOF.Recombine.EnableBokehSettings:0    ; no bokeh simulation on slight out of focus]]
[2020.09.02-05.14.48:171][  0]LogConfig: Setting CVar [[r.DOF.TemporalAAQuality:1                ; more stable temporal accumulation]]
[2020.09.02-05.14.48:171][  0]LogConfig: Setting CVar [[r.DOF.Kernel.MaxForegroundRadius:0.025]]
[2020.09.02-05.14.48:171][  0]LogConfig: Setting CVar [[r.DOF.Kernel.MaxBackgroundRadius:0.025]]
[2020.09.02-05.14.48:171][  0]LogConfig: Applying CVar settings from Section [TextureQuality@3] File [D:/ting/Unreal_CY_RPG_New2/RPG/Saved/Config/Windows/Scalability.ini]
[2020.09.02-05.14.48:171][  0]LogConfig: Setting CVar [[r.Streaming.MipBias:0]]
[2020.09.02-05.14.48:171][  0]LogConfig: Setting CVar [[r.Streaming.AmortizeCPUToGPUCopy:0]]
[2020.09.02-05.14.48:171][  0]LogConfig: Setting CVar [[r.Streaming.MaxNumTexturesToStreamPerFrame:0]]
[2020.09.02-05.14.48:171][  0]LogConfig: Setting CVar [[r.Streaming.Boost:1]]
[2020.09.02-05.14.48:171][  0]LogConfig: Setting CVar [[r.MaxAnisotropy:8]]
[2020.09.02-05.14.48:171][  0]LogConfig: Setting CVar [[r.VT.MaxAnisotropy:8]]
[2020.09.02-05.14.48:171][  0]LogConfig: Setting CVar [[r.Streaming.LimitPoolSizeToVRAM:0]]
[2020.09.02-05.14.48:171][  0]LogConfig: Setting CVar [[r.Streaming.PoolSize:1000]]
[2020.09.02-05.14.48:171][  0]LogConfig: Setting CVar [[r.Streaming.MaxEffectiveScreenSize:0]]
[2020.09.02-05.14.48:171][  0]LogConfig: Applying CVar settings from Section [EffectsQuality@3] File [D:/ting/Unreal_CY_RPG_New2/RPG/Saved/Config/Windows/Scalability.ini]
[2020.09.02-05.14.48:171][  0]LogConfig: Setting CVar [[r.TranslucencyLightingVolumeDim:64]]
[2020.09.02-05.14.48:171][  0]LogConfig: Setting CVar [[r.RefractionQuality:2]]
[2020.09.02-05.14.48:171][  0]LogConfig: Setting CVar [[r.SSR.Quality:3]]
[2020.09.02-05.14.48:171][  0]LogConfig: Setting CVar [[r.SSR.HalfResSceneColor:0]]
[2020.09.02-05.14.48:171][  0]LogConfig: Setting CVar [[r.SceneColorFormat:4]]
[2020.09.02-05.14.48:171][  0]LogConfig: Setting CVar [[r.DetailMode:2]]
[2020.09.02-05.14.48:171][  0]LogConfig: Setting CVar [[r.TranslucencyVolumeBlur:1]]
[2020.09.02-05.14.48:171][  0]LogConfig: Setting CVar [[r.MaterialQualityLevel:1 ; High quality]]
[2020.09.02-05.14.48:171][  0]LogConfig: Setting CVar [[r.SSS.Scale:1]]
[2020.09.02-05.14.48:171][  0]LogConfig: Setting CVar [[r.SSS.SampleSet:2]]
[2020.09.02-05.14.48:171][  0]LogConfig: Setting CVar [[r.SSS.Quality:1]]
[2020.09.02-05.14.48:171][  0]LogConfig: Setting CVar [[r.SSS.HalfRes:1]]
[2020.09.02-05.14.48:171][  0]LogConfig: Setting CVar [[r.SSGI.Quality:3]]
[2020.09.02-05.14.48:171][  0]LogConfig: Setting CVar [[r.EmitterSpawnRateScale:1.0]]
[2020.09.02-05.14.48:171][  0]LogConfig: Setting CVar [[r.ParticleLightQuality:2]]
[2020.09.02-05.14.48:171][  0]LogConfig: Setting CVar [[r.SkyAtmosphere.AerialPerspectiveLUT.FastApplyOnOpaque:1 ; Always have FastSkyLUT 1 in this case to avoid wrong sky]]
[2020.09.02-05.14.48:171][  0]LogConfig: Setting CVar [[r.SkyAtmosphere.AerialPerspectiveLUT.SampleCountPerSlice:1]]
[2020.09.02-05.14.48:171][  0]LogConfig: Setting CVar [[r.SkyAtmosphere.AerialPerspectiveLUT.DepthResolution:16.0]]
[2020.09.02-05.14.48:171][  0]LogConfig: Setting CVar [[r.SkyAtmosphere.FastSkyLUT:1]]
[2020.09.02-05.14.48:171][  0]LogConfig: Setting CVar [[r.SkyAtmosphere.FastSkyLUT.SampleCountMin:4.0]]
[2020.09.02-05.14.48:171][  0]LogConfig: Setting CVar [[r.SkyAtmosphere.FastSkyLUT.SampleCountMax:32.0]]
[2020.09.02-05.14.48:171][  0]LogConfig: Setting CVar [[r.SkyAtmosphere.SampleCountMin:4.0]]
[2020.09.02-05.14.48:171][  0]LogConfig: Setting CVar [[r.SkyAtmosphere.SampleCountMax:32.0]]
[2020.09.02-05.14.48:171][  0]LogConfig: Setting CVar [[r.SkyAtmosphere.TransmittanceLUT.UseSmallFormat:0]]
[2020.09.02-05.14.48:171][  0]LogConfig: Setting CVar [[r.SkyAtmosphere.TransmittanceLUT.SampleCount:10.0]]
[2020.09.02-05.14.48:171][  0]LogConfig: Setting CVar [[r.SkyAtmosphere.MultiScatteringLUT.SampleCount:15.0]]
[2020.09.02-05.14.48:171][  0]LogConfig: Applying CVar settings from Section [FoliageQuality@3] File [D:/ting/Unreal_CY_RPG_New2/RPG/Saved/Config/Windows/Scalability.ini]
[2020.09.02-05.14.48:171][  0]LogConfig: Setting CVar [[foliage.DensityScale:1.0]]
[2020.09.02-05.14.48:171][  0]LogConfig: Setting CVar [[grass.DensityScale:1.0]]
[2020.09.02-05.14.48:171][  0]LogConfig: Applying CVar settings from Section [ShadingQuality@3] File [D:/ting/Unreal_CY_RPG_New2/RPG/Saved/Config/Windows/Scalability.ini]
[2020.09.02-05.14.48:171][  0]LogConfig: Setting CVar [[r.HairStrands.SkyLighting.SampleCount:16]]
[2020.09.02-05.14.48:171][  0]LogConfig: Setting CVar [[r.HairStrands.SkyLighting.JitterIntegration:0]]
[2020.09.02-05.14.48:171][  0]LogConfig: Setting CVar [[r.HairStrands.SkyAO.SampleCount:16]]
[2020.09.02-05.14.48:171][  0]LogConfig: Applying CVar settings from Section [Startup] File [../../../Engine/Config/ConsoleVariables.ini]
[2020.09.02-05.14.48:171][  0]LogConfig: Setting CVar [[net.UseAdaptiveNetUpdateFrequency:0]]
[2020.09.02-05.14.48:171][  0]LogConfig: Setting CVar [[p.chaos.AllowCreatePhysxBodies:1]]
[2020.09.02-05.14.48:171][  0]LogConfig: Applying CVar settings from Section [ConsoleVariables] File [D:/ting/Unreal_CY_RPG_New2/RPG/Saved/Config/Windows/Engine.ini]
[2020.09.02-05.14.48:171][  0]LogInit: Computer: M514-054
[2020.09.02-05.14.48:171][  0]LogInit: User: IM
[2020.09.02-05.14.48:171][  0]LogInit: CPU Page size=4096, Cores=6
[2020.09.02-05.14.48:172][  0]LogInit: High frequency timer resolution =10.000000 MHz
[2020.09.02-05.14.48:172][  0]LogMemory: Memory total: Physical=15.9GB (16GB approx)
[2020.09.02-05.14.48:172][  0]LogMemory: Platform Memory Stats for Windows
[2020.09.02-05.14.48:172][  0]LogMemory: Process Physical Memory: 106.15 MB used, 106.16 MB peak
[2020.09.02-05.14.48:172][  0]LogMemory: Process Virtual Memory: 101.44 MB used, 101.44 MB peak
[2020.09.02-05.14.48:172][  0]LogMemory: Physical Memory: 2728.67 MB used,  13530.22 MB free, 16258.89 MB total
[2020.09.02-05.14.48:172][  0]LogMemory: Virtual Memory: 5159.34 MB used,  134212568.00 MB free, 134217728.00 MB total
[2020.09.02-05.14.48:173][  0]LogWindows: WindowsPlatformFeatures enabled
[2020.09.02-05.14.48:183][  0]LogInit: Using OS detected language (zh-TW).
[2020.09.02-05.14.48:183][  0]LogInit: Using OS detected locale (zh-TW).
[2020.09.02-05.14.48:184][  0]LogTextLocalizationManager: No localization for 'zh-TW' exists, so 'en' will be used for the language.
[2020.09.02-05.14.48:297][  0]LogInit: Setting process to per monitor DPI aware
[2020.09.02-05.14.48:335][  0]LogSlate: New Slate User Created.  User Index 0, Is Virtual User: 0
[2020.09.02-05.14.48:335][  0]LogSlate: Slate User Registered.  User Index 0, Is Virtual User: 0
[2020.09.02-05.14.48:426][  0]LogHMD: Failed to initialize OpenVR with code 110
[2020.09.02-05.14.48:426][  0]LogD3D11RHI: D3D11 min allowed feature level: 11_0
[2020.09.02-05.14.48:426][  0]LogD3D11RHI: D3D11 max allowed feature level: 11_0
[2020.09.02-05.14.48:426][  0]LogD3D11RHI: D3D11 adapters:
[2020.09.02-05.14.48:468][  0]LogD3D11RHI:    0. 'NVIDIA Quadro P1000' (Feature Level 11_0)
[2020.09.02-05.14.48:468][  0]LogD3D11RHI:       4019/0/8129 MB DedicatedVideo/DedicatedSystem/SharedSystem, Outputs:1, VendorId:0x10de
[2020.09.02-05.14.48:469][  0]LogD3D11RHI:    1. 'Microsoft Basic Render Driver' (Feature Level 11_0)
[2020.09.02-05.14.48:469][  0]LogD3D11RHI:       0/0/8129 MB DedicatedVideo/DedicatedSystem/SharedSystem, Outputs:0, VendorId:0x1414
[2020.09.02-05.14.48:469][  0]LogD3D11RHI: Chosen D3D11 Adapter: 0
[2020.09.02-05.14.48:473][  0]LogD3D11RHI: Creating new Direct3DDevice
[2020.09.02-05.14.48:473][  0]LogD3D11RHI:     GPU DeviceId: 0x1cb1 (for the marketing name, search the web for "GPU Device Id")
[2020.09.02-05.14.48:473][  0]LogWindows: EnumDisplayDevices:
[2020.09.02-05.14.48:474][  0]LogWindows:    0. 'NVIDIA Quadro P1000' (P:1 D:1)
[2020.09.02-05.14.48:474][  0]LogWindows:    1. 'NVIDIA Quadro P1000' (P:0 D:0)
[2020.09.02-05.14.48:474][  0]LogWindows:    2. 'NVIDIA Quadro P1000' (P:0 D:0)
[2020.09.02-05.14.48:474][  0]LogWindows:    3. 'NVIDIA Quadro P1000' (P:0 D:0)
[2020.09.02-05.14.48:474][  0]LogWindows: DebugString: FoundDriverCount:4 
[2020.09.02-05.14.48:474][  0]LogD3D11RHI:     Adapter Name: NVIDIA Quadro P1000
[2020.09.02-05.14.48:474][  0]LogD3D11RHI:   Driver Version: 430.86 (internal:26.21.14.3086, unified:430.86)
[2020.09.02-05.14.48:474][  0]LogD3D11RHI:      Driver Date: 5-22-2019
[2020.09.02-05.14.48:474][  0]LogRHI: Texture pool is 2813 MB (70% of 4019 MB)
[2020.09.02-05.14.48:508][  0]LogD3D11RHI: RHI has support for 64 bit atomics
[2020.09.02-05.14.48:508][  0]LogD3D11RHI: Async texture creation enabled
[2020.09.02-05.14.48:519][  0]LogD3D11RHI: GPU Timing Frequency: 1000.000000 (Debug: 2 1)
[2020.09.02-05.14.48:744][  0]LogTargetPlatformManager: Display: Loaded TargetPlatform 'AllDesktop'
[2020.09.02-05.14.48:767][  0]LogTargetPlatformManager: Display: Loaded TargetPlatform 'Android'
[2020.09.02-05.14.48:767][  0]LogTargetPlatformManager: Display: Loaded TargetPlatform 'Android_ASTC'
[2020.09.02-05.14.48:767][  0]LogTargetPlatformManager: Display: Loaded TargetPlatform 'Android_ATC'
[2020.09.02-05.14.48:767][  0]LogTargetPlatformManager: Display: Loaded TargetPlatform 'Android_DXT'
[2020.09.02-05.14.48:767][  0]LogTargetPlatformManager: Display: Loaded TargetPlatform 'Android_ETC1'
[2020.09.02-05.14.48:767][  0]LogTargetPlatformManager: Display: Loaded TargetPlatform 'Android_ETC1a'
[2020.09.02-05.14.48:767][  0]LogTargetPlatformManager: Display: Loaded TargetPlatform 'Android_ETC2'
[2020.09.02-05.14.48:767][  0]LogTargetPlatformManager: Display: Loaded TargetPlatform 'Android_PVRTC'
[2020.09.02-05.14.48:767][  0]LogTargetPlatformManager: Display: Loaded TargetPlatform 'AndroidClient'
[2020.09.02-05.14.48:767][  0]LogTargetPlatformManager: Display: Loaded TargetPlatform 'Android_ASTCClient'
[2020.09.02-05.14.48:767][  0]LogTargetPlatformManager: Display: Loaded TargetPlatform 'Android_ATCClient'
[2020.09.02-05.14.48:767][  0]LogTargetPlatformManager: Display: Loaded TargetPlatform 'Android_DXTClient'
[2020.09.02-05.14.48:767][  0]LogTargetPlatformManager: Display: Loaded TargetPlatform 'Android_ETC1Client'
[2020.09.02-05.14.48:767][  0]LogTargetPlatformManager: Display: Loaded TargetPlatform 'Android_ETC1aClient'
[2020.09.02-05.14.48:767][  0]LogTargetPlatformManager: Display: Loaded TargetPlatform 'Android_ETC2Client'
[2020.09.02-05.14.48:767][  0]LogTargetPlatformManager: Display: Loaded TargetPlatform 'Android_PVRTCClient'
[2020.09.02-05.14.48:767][  0]LogTargetPlatformManager: Display: Loaded TargetPlatform 'Android_Multi'
[2020.09.02-05.14.48:767][  0]LogTargetPlatformManager: Display: Loaded TargetPlatform 'Android_MultiClient'
[2020.09.02-05.14.48:780][  0]LogTargetPlatformManager: Display: Loaded TargetPlatform 'IOSClient'
[2020.09.02-05.14.48:780][  0]LogTargetPlatformManager: Display: Loaded TargetPlatform 'IOS'
[2020.09.02-05.14.48:786][  0]LogTargetPlatformManager: Display: Loaded TargetPlatform 'LinuxNoEditor'
[2020.09.02-05.14.48:791][  0]LogTargetPlatformManager: Display: Loaded TargetPlatform 'LinuxClient'
[2020.09.02-05.14.48:796][  0]LogTargetPlatformManager: Display: Loaded TargetPlatform 'LinuxServer'
[2020.09.02-05.14.48:801][  0]LogTargetPlatformManager: Display: Loaded TargetPlatform 'LinuxAArch64NoEditor'
[2020.09.02-05.14.48:805][  0]LogTargetPlatformManager: Display: Loaded TargetPlatform 'LinuxAArch64Client'
[2020.09.02-05.14.48:810][  0]LogTargetPlatformManager: Display: Loaded TargetPlatform 'LinuxAArch64Server'
[2020.09.02-05.14.48:827][  0]LogTargetPlatformManager: Display: Loaded TargetPlatform 'Lumin'
[2020.09.02-05.14.48:827][  0]LogTargetPlatformManager: Display: Loaded TargetPlatform 'LuminClient'
[2020.09.02-05.14.48:837][  0]LogTargetPlatformManager: Display: Loaded TargetPlatform 'TVOSClient'
[2020.09.02-05.14.48:837][  0]LogTargetPlatformManager: Display: Loaded TargetPlatform 'TVOS'
[2020.09.02-05.14.48:842][  0]LogTargetPlatformManager: Display: Loaded TargetPlatform 'WindowsNoEditor'
[2020.09.02-05.14.48:847][  0]LogTargetPlatformManager: Display: Loaded TargetPlatform 'Windows'
[2020.09.02-05.14.48:852][  0]LogTargetPlatformManager: Display: Loaded TargetPlatform 'WindowsClient'
[2020.09.02-05.14.48:857][  0]LogTargetPlatformManager: Display: Loaded TargetPlatform 'WindowsServer'
[2020.09.02-05.14.48:857][  0]LogTargetPlatformManager: Display: Building Assets For Windows
[2020.09.02-05.14.48:859][  0]LogAudioDebug: Display: Lib vorbis DLL was dynamically loaded.
[2020.09.02-05.14.48:875][  0]LogShaderCompilers: Guid format shader working directory is 13 characters bigger than the processId version (D:/ting/Unreal_CY_RPG_New2/RPG/Intermediate/Shaders/WorkingDirectory/6420/).
[2020.09.02-05.14.48:875][  0]LogShaderCompilers: Cleaned the shader compiler working directory 'C:/Users/IM/AppData/Local/Temp/UnrealShaderWorkingDir/62F9DD214AB082566C8BDD9748A65A73/'.
[2020.09.02-05.14.48:875][  0]LogXGEController: Cleaning working directory: C:/Users/IM/AppData/Local/Temp/UnrealXGEWorkingDir/
[2020.09.02-05.14.48:875][  0]LogXGEController: Cannot use XGE Controller as Incredibuild is not installed on this machine.
[2020.09.02-05.14.48:875][  0]LogShaderCompilers: Cannot use XGE Shader Compiler as Incredibuild is not installed on this machine.
[2020.09.02-05.14.48:875][  0]LogShaderCompilers: Display: Using Local Shader Compiler.
[2020.09.02-05.14.49:417][  0]LogDerivedDataCache: Display: Max Cache Size: 512 MB
[2020.09.02-05.14.49:458][  0]LogDerivedDataCache: Loaded boot cache 0.04s 79MB C:/Users/IM/AppData/Local/UnrealEngine/4.24/DerivedDataCache/Boot.ddc.
[2020.09.02-05.14.49:458][  0]LogDerivedDataCache: Display: Loaded Boot cache: C:/Users/IM/AppData/Local/UnrealEngine/4.24/DerivedDataCache/Boot.ddc
[2020.09.02-05.14.49:458][  0]LogDerivedDataCache: FDerivedDataBackendGraph:  Pak pak cache file D:/ting/Unreal_CY_RPG_New2/RPG/DerivedDataCache/DDC.ddp not found, will not use a pak cache.
[2020.09.02-05.14.49:458][  0]LogDerivedDataCache: Unable to find inner node Pak for hierarchical cache Hierarchy.
[2020.09.02-05.14.49:458][  0]LogDerivedDataCache: FDerivedDataBackendGraph:  CompressedPak pak cache file D:/ting/Unreal_CY_RPG_New2/RPG/DerivedDataCache/Compressed.ddp not found, will not use a pak cache.
[2020.09.02-05.14.49:458][  0]LogDerivedDataCache: Unable to find inner node CompressedPak for hierarchical cache Hierarchy.
[2020.09.02-05.14.49:465][  0]LogDerivedDataCache: Display: Pak cache opened for reading ../../../Engine/DerivedDataCache/Compressed.ddp.
[2020.09.02-05.14.49:465][  0]LogDerivedDataCache: FDerivedDataBackendGraph:  EnterprisePak pak cache file ../../../Enterprise/DerivedDataCache/Compressed.ddp not found, will not use a pak cache.
[2020.09.02-05.14.49:465][  0]LogDerivedDataCache: Unable to find inner node EnterprisePak for hierarchical cache Hierarchy.
[2020.09.02-05.14.49:466][  0]LogDerivedDataCache: Using Local data cache path C:/Users/IM/AppData/Local/UnrealEngine/Common/DerivedDataCache: Writable
[2020.09.02-05.14.49:466][  0]LogDerivedDataCache: Shared data cache path not found in *engine.ini, will not use an Shared cache.
[2020.09.02-05.14.49:466][  0]LogDerivedDataCache: Unable to find inner node Shared for hierarchical cache Hierarchy.
[2020.09.02-05.14.49:486][  0]LogMaterial: Verifying Global Shaders for PCD3D_SM5
[2020.09.02-05.14.49:488][  0]LogSlate: Using FreeType 2.10.0
[2020.09.02-05.14.49:488][  0]LogSlate: SlateFontServices - WITH_FREETYPE: 1, WITH_HARFBUZZ: 1
[2020.09.02-05.14.49:526][  0]LogAssetRegistry: FAssetRegistry took 0.0019 seconds to start up
[2020.09.02-05.14.49:732][  0]LogInit: Selected Device Profile: [Windows]
[2020.09.02-05.14.49:907][  0]LogMeshReduction: Using QuadricMeshReduction for automatic static mesh reduction
[2020.09.02-05.14.49:908][  0]LogMeshReduction: Using SimplygonMeshReduction for automatic skeletal mesh reduction
[2020.09.02-05.14.49:908][  0]LogMeshReduction: Using ProxyLODMeshReduction for automatic mesh merging
[2020.09.02-05.14.49:908][  0]LogMeshReduction: No distributed automatic mesh merging module available
[2020.09.02-05.14.49:908][  0]LogMeshMerging: No distributed automatic mesh merging module available
[2020.09.02-05.14.49:922][  0]LogNetVersion: RPG 1.0.0, NetCL: 10570792, EngineNetVer: 13, GameNetVer: 0 (Checksum: 3823170462)
[2020.09.02-05.14.51:428][  0]LogPackageLocalizationCache: Processed 10 localized package path(s) for 1 prioritized culture(s) in 0.022403 seconds
[2020.09.02-05.14.51:433][  0]LogUObjectArray: 46750 objects as part of root set at end of initial load.
[2020.09.02-05.14.51:433][  0]LogUObjectAllocator: 8137160 out of 0 bytes used by permanent object pool.
[2020.09.02-05.14.51:433][  0]LogUObjectArray: CloseDisregardForGC: 0/0 objects in disregard for GC pool
[2020.09.02-05.14.51:740][  0]LogTcpMessaging: Initializing TcpMessaging bridge
[2020.09.02-05.14.51:742][  0]LogUdpMessaging: Initializing bridge on interface 0.0.0.0:0 to multicast group 230.0.0.1:6666.
[2020.09.02-05.14.51:776][  0]SourceControl: Source control is disabled
[2020.09.02-05.14.51:776][  0]SourceControl: Source control is disabled
[2020.09.02-05.14.51:777][  0]SourceControl: Source control is disabled
[2020.09.02-05.14.51:777][  0]SourceControl: Source control is disabled
[2020.09.02-05.14.51:778][  0]SourceControl: Source control is disabled
[2020.09.02-05.14.51:828][  0]LogAndroidPermission: UAndroidPermissionCallbackProxy::GetInstance
[2020.09.02-05.14.51:834][  0]LogAudioCaptureCore: Display: No Audio Capture implementations found. Audio input will be silent.
[2020.09.02-05.14.51:834][  0]LogAudioCaptureCore: Display: No Audio Capture implementations found. Audio input will be silent.
[2020.09.02-05.14.51:894][  0]LogOcInput: OculusInput pre-init called
[2020.09.02-05.14.51:899][  0]LogWindows: Failed to load 'OVRPlugin.dll' (GetLastError=126)
[2020.09.02-05.14.51:899][  0]LogWindows: File 'OVRPlugin.dll' does not exist
[2020.09.02-05.14.51:949][  0]LogEngine: Initializing Engine...
[2020.09.02-05.14.51:949][  0]LogHMD: Failed to initialize OpenVR with code 110
[2020.09.02-05.14.51:951][  0]LogStats: UGameplayTagsManager::InitializeManager -  0.000 s
[2020.09.02-05.14.52:198][  0]LogInit: Initializing FReadOnlyCVARCache
[2020.09.02-05.14.52:203][  0]LogAIModule: Creating AISystem for world Untitled
[2020.09.02-05.14.52:208][  0]LogAudioMixer: Display: Audio Mixer Platform Settings:
[2020.09.02-05.14.52:208][  0]LogAudioMixer: Display: 	Sample Rate:						  48000
[2020.09.02-05.14.52:208][  0]LogAudioMixer: Display: 	Callback Buffer Frame Size Requested: 1024
[2020.09.02-05.14.52:208][  0]LogAudioMixer: Display: 	Callback Buffer Frame Size To Use:	  1024
[2020.09.02-05.14.52:208][  0]LogAudioMixer: Display: 	Number of buffers to queue:			  2
[2020.09.02-05.14.52:208][  0]LogAudioMixer: Display: 	Max Channels (voices):				  32
[2020.09.02-05.14.52:208][  0]LogAudioMixer: Display: 	Number of Async Source Workers:		  0
[2020.09.02-05.14.52:208][  0]LogAudio: Display: AudioDevice MaxSources: 32
[2020.09.02-05.14.52:208][  0]LogAudio: Display: Using built-in audio occlusion.
[2020.09.02-05.14.52:208][  0]LogAudioMixer: Display: Initializing audio mixer.
[2020.09.02-05.14.52:212][  0]LogAudioMixer: Display: Using Audio Device Unknown
[2020.09.02-05.14.52:215][  0]LogInit: FAudioDevice initialized.
[2020.09.02-05.14.52:216][  0]LogNetVersion: Set ProjectVersion to 1.0.0.0. Version Checksum will be recalculated on next use.
[2020.09.02-05.14.52:420][  0]LogDerivedDataCache: Saved boot cache 0.20s 79MB C:/Users/IM/AppData/Local/UnrealEngine/4.24/DerivedDataCache/Boot.ddc.
[2020.09.02-05.14.52:423][  0]LogInit: Texture streaming: Enabled
[2020.09.02-05.14.52:428][  0]LogEngineSessionManager: EngineSessionManager initialized
[2020.09.02-05.14.52:428][  0]LogEditorSessionSummary: Verbose: Initializing EditorSessionSummaryWriter for editor session tracking
[2020.09.02-05.14.52:484][  0]LogEditorSessionSummary: EditorSessionSummaryWriter initialized
[2020.09.02-05.14.52:520][  0]LogInit: Transaction tracking system initialized
[2020.09.02-05.14.52:526][  0]BlueprintLog: New page: Editor Load
[2020.09.02-05.14.52:546][  0]LocalizationService: Localization service is disabled
[2020.09.02-05.14.52:731][  0]LogFileCache: Scanning file cache for directory 'D:/ting/Unreal_CY_RPG_New2/RPG/Content/' took 0.01s
[2020.09.02-05.14.52:731][  0]LogCook: Display: Max memory allowance for cook 16384mb min free memory 0mb
[2020.09.02-05.14.52:731][  0]LogCook: Display: Mobile HDR setting 1
[2020.09.02-05.14.53:181][  0]SourceControl: Source control is disabled
[2020.09.02-05.14.53:182][  0]Cmd: MAP LOAD FILE="D:/ting/Unreal_CY_RPG_New2/RPG/Content/地圖/遊戲關卡.umap" TEMPLATE=0 SHOWPROGRESS=1 FEATURELEVEL=3
[2020.09.02-05.14.53:182][  0]LightingResults: New page: Lighting Build
[2020.09.02-05.14.53:182][  0]LogWorld: UWorld::CleanupWorld for Untitled, bSessionEnded=true, bCleanupResources=true
[2020.09.02-05.14.53:182][  0]LogSlate: InvalidateAllWidgets triggered.  All widgets were invalidated
[2020.09.02-05.14.53:182][  0]MapCheck: New page: Map Check
[2020.09.02-05.14.53:182][  0]LightingResults: New page: Lighting Build
[2020.09.02-05.14.53:208][  0]LogUObjectHash: Compacting FUObjectHashTables data took   1.27ms
[2020.09.02-05.14.53:669][  0]LogAIModule: Creating AISystem for world 遊戲關卡
[2020.09.02-05.14.53:678][  0]LogEditorServer: Finished looking for orphan Actors (0.000 secs)
[2020.09.02-05.14.53:707][  0]LogUObjectHash: Compacting FUObjectHashTables data took   1.87ms
[2020.09.02-05.14.53:707][  0]Cmd: MAP CHECKDEP NOCLEARLOG
[2020.09.02-05.14.53:707][  0]MapCheck: Map check complete: 0 Error(s), 0 Warning(s), took 0.092ms to complete.
[2020.09.02-05.14.53:707][  0]LogFileHelpers: Loading map '遊戲關卡' took 0.526
[2020.09.02-05.14.53:842][  0]LogSlate: Updating window title bar state: overlay mode, drag disabled, window buttons hidden, title bar hidden
[2020.09.02-05.14.53:846][  0]LogSlate: Updating window title bar state: overlay mode, drag disabled, window buttons hidden, title bar hidden
[2020.09.02-05.14.53:851][  0]LogSlate: Updating window title bar state: overlay mode, drag disabled, window buttons hidden, title bar hidden
[2020.09.02-05.14.53:856][  0]LogSlate: Updating window title bar state: overlay mode, drag disabled, window buttons hidden, title bar hidden
[2020.09.02-05.14.53:858][  0]LogCollectionManager: Loaded 0 collections in 0.000681 seconds
[2020.09.02-05.14.53:867][  0]LogFileCache: Scanning file cache for directory 'D:/ting/Unreal_CY_RPG_New2/RPG/Saved/Collections/' took 0.00s
[2020.09.02-05.14.53:867][  0]LogFileCache: Scanning file cache for directory 'D:/ting/Unreal_CY_RPG_New2/RPG/Content/Developers/IM/Collections/' took 0.00s
[2020.09.02-05.14.53:867][  0]LogFileCache: Scanning file cache for directory 'D:/ting/Unreal_CY_RPG_New2/RPG/Content/Collections/' took 0.00s
[2020.09.02-05.14.53:867][  0]LogContentBrowser: Native class hierarchy populated in 0.0061 seconds. Added 3015 classes and 717 folders.
[2020.09.02-05.14.53:869][  0]LogContentBrowser: Native class hierarchy updated for 'WidgetCarousel' in 0.0001 seconds. Added 0 classes and 0 folders.
[2020.09.02-05.14.53:900][  0]LogContentBrowser: Native class hierarchy updated for 'AddContentDialog' in 0.0002 seconds. Added 0 classes and 0 folders.
[2020.09.02-05.14.53:902][  0]LogContentBrowser: Native class hierarchy updated for 'SceneOutliner' in 0.0002 seconds. Added 2 classes and 3 folders.
[2020.09.02-05.14.53:945][  0]LogSlate: Took 0.000164 seconds to synchronously load lazily loaded font '../../../Engine/Content/Slate/Fonts/Roboto-Regular.ttf' (155K)
[2020.09.02-05.14.53:947][  0]LogSlate: Took 0.001054 seconds to synchronously load lazily loaded font '../../../Engine/Content/Slate/Fonts/DroidSansFallback.ttf' (3848K)
[2020.09.02-05.14.53:948][  0]LogSlate: Took 0.000099 seconds to synchronously load lazily loaded font '../../../Engine/Content/Slate/Fonts/Roboto-Bold.ttf' (160K)
[2020.09.02-05.14.53:951][  0]LogSlate: Took 0.000077 seconds to synchronously load lazily loaded font '../../../Engine/Content/Editor/Slate/Fonts/FontAwesome.ttf' (139K)
[2020.09.02-05.14.54:009][  0]LogRenderer: Reallocating scene render targets to support 1208x572 Format 10 NumSamples 1 (Frame:1).
[2020.09.02-05.14.54:111][  0]LogSlate: Window 'Tutorials' being destroyed
[2020.09.02-05.14.54:118][  0]LogContentBrowser: Native class hierarchy updated for 'HierarchicalLODOutliner' in 0.0002 seconds. Added 0 classes and 0 folders.
[2020.09.02-05.14.54:118][  0]LogLoad: (Engine Initialization) Total time: 6.76 seconds
[2020.09.02-05.14.54:118][  0]LogLoad: (Engine Initialization) Total Blueprint compile time: 0.00 seconds
[2020.09.02-05.14.54:161][  0]LogAssetRegistry: Asset discovery search completed in 4.6357 seconds
[2020.09.02-05.14.54:164][  0]LogCollectionManager: Fixed up redirectors for 0 collections in 0.000006 seconds (updated 0 objects)
[2020.09.02-05.14.54:165][  0]LogContentStreaming: Texture pool size now 1000 MB
[2020.09.02-05.15.29:970][218]LogSlate: Took 0.000124 seconds to synchronously load lazily loaded font '../../../Engine/Content/Slate/Fonts/Roboto-Light.ttf' (167K)
[2020.09.02-05.15.29:986][218]LogAssetEditorSubsystem: Opening Asset editor for Blueprint /Game/BP/BP_殭屍.BP_殭屍
[2020.09.02-05.15.30:120][218]LogContentBrowser: Native class hierarchy updated for 'BlueprintGraph' in 0.0004 seconds. Added 121 classes and 0 folders.
[2020.09.02-05.15.30:746][218]LogSlate: Took 0.000135 seconds to synchronously load lazily loaded font '../../../Engine/Content/Slate/Fonts/Roboto-BoldCondensed.ttf' (158K)
[2020.09.02-05.15.30:809][219]LogSlate: Took 0.000143 seconds to synchronously load lazily loaded font '../../../Engine/Content/Slate/Fonts/Roboto-Italic.ttf' (157K)
[2020.09.02-05.15.32:819][410]LogSlate: Window 'BP_殭屍' being destroyed
[2020.09.02-05.18.52:383][970]LogSlate: Took 0.000127 seconds to synchronously load lazily loaded font '../../../Engine/Content/Slate/Fonts/Roboto-BoldCondensedItalic.ttf' (160K)
[2020.09.02-05.20.52:681][127]LogUObjectHash: Compacting FUObjectHashTables data took   2.94ms
[2020.09.02-05.20.52:696][127]Cmd: OBJ SAVEPACKAGE PACKAGE="/Game/地圖/遊戲關卡" FILE="D:/ting/Unreal_CY_RPG_New2/RPG/Content/地圖/遊戲關卡.umap" SILENT=true AUTOSAVING=false KEEPDIRTY=false
[2020.09.02-05.20.52:724][127]LogUObjectHash: Compacting FUObjectHashTables data took   0.68ms
[2020.09.02-05.20.52:773][127]LogSavePackage: Moving 'D:/ting/Unreal_CY_RPG_New2/RPG/Saved/遊戲關卡EE23CD444EAB65E4270B9D8AF13B8303.tmp' to 'D:/ting/Unreal_CY_RPG_New2/RPG/Content/地圖/遊戲關卡.umap'
[2020.09.02-05.20.52:797][127]LogFileHelpers: Saving map '遊戲關卡' took 0.102
[2020.09.02-05.20.52:807][127]Cmd: OBJ SAVEPACKAGE PACKAGE="/Game/BP/BP_殭屍" FILE="D:/ting/Unreal_CY_RPG_New2/RPG/Content/BP/BP_殭屍.uasset" SILENT=true
[2020.09.02-05.20.52:847][127]LogSavePackage: Moving 'D:/ting/Unreal_CY_RPG_New2/RPG/Saved/BP_殭屍9BE2651947E6BF604EFCEF856F29F546.tmp' to 'D:/ting/Unreal_CY_RPG_New2/RPG/Content/BP/BP_殭屍.uasset'
[2020.09.02-05.20.52:862][127]AssetCheck: New page: Asset Save: multiple assets
[2020.09.02-05.20.52:862][127]LogContentValidation: Display: Validating World /Game/地圖/遊戲關卡.遊戲關卡
[2020.09.02-05.20.52:862][127]LogContentValidation: Display: Validating Blueprint /Game/BP/BP_殭屍.BP_殭屍
[2020.09.02-05.20.55:018][369]BlueprintLog: New page: Compile BP_殭屍
[2020.09.02-05.20.55:199][369]LogUObjectHash: Compacting FUObjectHashTables data took   2.72ms
[2020.09.02-05.20.55:837][434]Cmd: OBJ SAVEPACKAGE PACKAGE="/Game/BP/BP_殭屍" FILE="D:/ting/Unreal_CY_RPG_New2/RPG/Content/BP/BP_殭屍.uasset" SILENT=true
[2020.09.02-05.20.55:873][434]LogSavePackage: Moving 'D:/ting/Unreal_CY_RPG_New2/RPG/Saved/BP_殭屍EBE4AB3A48CEB0B114693980804A393F.tmp' to 'D:/ting/Unreal_CY_RPG_New2/RPG/Content/BP/BP_殭屍.uasset'
[2020.09.02-05.20.55:882][434]AssetCheck: New page: Asset Save: BP_殭屍
[2020.09.02-05.20.55:882][434]LogContentValidation: Display: Validating Blueprint /Game/BP/BP_殭屍.BP_殭屍
[2020.09.02-05.20.57:305][596]LogUObjectHash: Compacting FUObjectHashTables data took   2.77ms
[2020.09.02-05.20.57:328][596]Cmd: OBJ SAVEPACKAGE PACKAGE="/Game/地圖/遊戲關卡" FILE="D:/ting/Unreal_CY_RPG_New2/RPG/Content/地圖/遊戲關卡.umap" SILENT=true AUTOSAVING=false KEEPDIRTY=false
[2020.09.02-05.20.57:353][596]LogUObjectHash: Compacting FUObjectHashTables data took   0.73ms
[2020.09.02-05.20.57:396][596]LogSavePackage: Moving 'D:/ting/Unreal_CY_RPG_New2/RPG/Saved/遊戲關卡6E85AAD9452FC1731C7545A795389B8E.tmp' to 'D:/ting/Unreal_CY_RPG_New2/RPG/Content/地圖/遊戲關卡.umap'
[2020.09.02-05.20.57:420][596]LogFileHelpers: Saving map '遊戲關卡' took 0.093
[2020.09.02-05.20.57:431][596]AssetCheck: New page: Asset Save: 遊戲關卡
[2020.09.02-05.20.57:431][596]LogContentValidation: Display: Validating World /Game/地圖/遊戲關卡.遊戲關卡
[2020.09.02-05.41.52:415][583]LogUObjectHash: Compacting FUObjectHashTables data took   2.70ms
[2020.09.02-05.41.52:417][583]Cmd: OBJ SAVEPACKAGE PACKAGE="/Game/地圖/遊戲關卡" FILE="D:/ting/Unreal_CY_RPG_New2/RPG/Saved/Autosaves/Game/地圖/遊戲關卡_Auto1.umap" SILENT=true AUTOSAVING=true KEEPDIRTY=false
[2020.09.02-05.41.52:466][583]LogSavePackage: Moving 'D:/ting/Unreal_CY_RPG_New2/RPG/Saved/遊戲關卡_Auto1187B59CD43EC166ED761CE8CDB4245A7.tmp' to 'D:/ting/Unreal_CY_RPG_New2/RPG/Saved/Autosaves/Game/地圖/遊戲關卡_Auto1.umap'
[2020.09.02-05.41.52:466][583]LogFileHelpers: Editor autosave (incl. sublevels) for '/Game/地圖/遊戲關卡' took 0.080
[2020.09.02-05.41.52:466][583]LogFileHelpers: Editor autosave (incl. sublevels) for all levels took 0.080
[2020.09.02-05.41.52:466][583]OBJ SavePackage: Generating thumbnails for [1] asset(s) in package [/Game/BP/BP_殭屍] ([1] browsable assets)...
[2020.09.02-05.41.52:475][583]OBJ SavePackage:     Rendered thumbnail for [Blueprint /Game/BP/BP_殭屍.BP_殭屍]
[2020.09.02-05.41.52:475][583]OBJ SavePackage: Finished generating thumbnails for package [/Game/BP/BP_殭屍]
[2020.09.02-05.41.52:475][583]Cmd: OBJ SAVEPACKAGE PACKAGE="/Game/BP/BP_殭屍" FILE="D:/ting/Unreal_CY_RPG_New2/RPG/Saved/Autosaves/Game/BP/BP_殭屍_Auto1.uasset" SILENT=false AUTOSAVING=true
[2020.09.02-05.41.52:517][583]LogSavePackage: Moving 'D:/ting/Unreal_CY_RPG_New2/RPG/Saved/BP_殭屍_Auto107F037EC4886AA3316C52A95C17AA4F7.tmp' to 'D:/ting/Unreal_CY_RPG_New2/RPG/Saved/Autosaves/Game/BP/BP_殭屍_Auto1.uasset'
[2020.09.02-05.41.52:517][583]LogFileHelpers: Auto-saving content packages took 0.051
[2020.09.02-05.44.22:082][380]BlueprintLog: New page: Compile BP_殭屍
[2020.09.02-05.44.22:265][380]LogUObjectHash: Compacting FUObjectHashTables data took   2.53ms
[2020.09.02-05.44.22:693][422]Cmd: OBJ SAVEPACKAGE PACKAGE="/Game/BP/BP_殭屍" FILE="D:/ting/Unreal_CY_RPG_New2/RPG/Content/BP/BP_殭屍.uasset" SILENT=true
[2020.09.02-05.44.22:732][422]LogSavePackage: Moving 'D:/ting/Unreal_CY_RPG_New2/RPG/Saved/BP_殭屍DB5B24F841BBDF7EAF6E55B5653251DC.tmp' to 'D:/ting/Unreal_CY_RPG_New2/RPG/Content/BP/BP_殭屍.uasset'
[2020.09.02-05.44.22:746][422]AssetCheck: New page: Asset Save: BP_殭屍
[2020.09.02-05.44.22:746][422]LogContentValidation: Display: Validating Blueprint /Game/BP/BP_殭屍.BP_殭屍
[2020.09.02-05.44.23:972][564]LogUObjectHash: Compacting FUObjectHashTables data took   2.61ms
[2020.09.02-05.44.23:984][564]Cmd: OBJ SAVEPACKAGE PACKAGE="/Game/地圖/遊戲關卡" FILE="D:/ting/Unreal_CY_RPG_New2/RPG/Content/地圖/遊戲關卡.umap" SILENT=true AUTOSAVING=false KEEPDIRTY=false
[2020.09.02-05.44.24:015][564]LogUObjectHash: Compacting FUObjectHashTables data took   0.73ms
[2020.09.02-05.44.24:059][564]LogSavePackage: Moving 'D:/ting/Unreal_CY_RPG_New2/RPG/Saved/遊戲關卡0685BB28444B299B6ECFE989B0730566.tmp' to 'D:/ting/Unreal_CY_RPG_New2/RPG/Content/地圖/遊戲關卡.umap'
[2020.09.02-05.44.24:086][564]LogFileHelpers: Saving map '遊戲關卡' took 0.102
[2020.09.02-05.44.24:094][564]AssetCheck: New page: Asset Save: 遊戲關卡
[2020.09.02-05.44.24:094][564]LogContentValidation: Display: Validating World /Game/地圖/遊戲關卡.遊戲關卡
[2020.09.02-05.44.24:752][640]Cmd: OBJ SAVEPACKAGE PACKAGE="/Game/地圖/遊戲關卡" FILE="D:/ting/Unreal_CY_RPG_New2/RPG/Content/地圖/遊戲關卡.umap" SILENT=true AUTOSAVING=false KEEPDIRTY=false
[2020.09.02-05.44.24:784][640]LogUObjectHash: Compacting FUObjectHashTables data took   2.35ms
[2020.09.02-05.44.24:829][640]LogSavePackage: Moving 'D:/ting/Unreal_CY_RPG_New2/RPG/Saved/遊戲關卡72167DEB475AB3F1EA4C54A32A2A915D.tmp' to 'D:/ting/Unreal_CY_RPG_New2/RPG/Content/地圖/遊戲關卡.umap'
[2020.09.02-05.44.24:860][640]AssetCheck: New page: Asset Save: 遊戲關卡
[2020.09.02-05.44.24:860][640]LogContentValidation: Display: Validating World /Game/地圖/遊戲關卡.遊戲關卡
[2020.09.02-05.44.25:665][730]LogTemp: Repeating last play command: Selected Viewport
[2020.09.02-05.44.25:678][730]LogPlayLevel: PlayLevel: No blueprints needed recompiling
[2020.09.02-05.44.25:679][730]PIE: New page: PIE session: 遊戲關卡 (2020年9月2日 下午9:44:25)
[2020.09.02-05.44.25:679][730]LogOnline: OSS: Creating online subsystem instance for: NULL
[2020.09.02-05.44.25:680][730]LogOnline: OSS: TryLoadSubsystemAndSetDefault: Loaded subsystem for module [NULL]
[2020.09.02-05.44.25:680][730]LogPlayLevel: Creating play world package: /Game/地圖/UEDPIE_0_遊戲關卡
[2020.09.02-05.44.25:687][730]LogPlayLevel: PIE: StaticDuplicateObject took: (0.006552s)
[2020.09.02-05.44.25:687][730]LogAIModule: Creating AISystem for world 遊戲關卡
[2020.09.02-05.44.25:688][730]LogPlayLevel: PIE: World Init took: (0.000686s)
[2020.09.02-05.44.25:688][730]LogPlayLevel: PIE: Created PIE world by copying editor world from /Game/地圖/遊戲關卡.遊戲關卡 to /Game/地圖/UEDPIE_0_遊戲關卡.遊戲關卡 (0.007427s)
[2020.09.02-05.44.25:713][730]LogUObjectHash: Compacting FUObjectHashTables data took   1.90ms
[2020.09.02-05.44.25:713][730]LogAudioMixer: Display: Audio Mixer Platform Settings:
[2020.09.02-05.44.25:713][730]LogAudioMixer: Display: 	Sample Rate:						  48000
[2020.09.02-05.44.25:713][730]LogAudioMixer: Display: 	Callback Buffer Frame Size Requested: 1024
[2020.09.02-05.44.25:713][730]LogAudioMixer: Display: 	Callback Buffer Frame Size To Use:	  1024
[2020.09.02-05.44.25:713][730]LogAudioMixer: Display: 	Number of buffers to queue:			  2
[2020.09.02-05.44.25:713][730]LogAudioMixer: Display: 	Max Channels (voices):				  32
[2020.09.02-05.44.25:713][730]LogAudioMixer: Display: 	Number of Async Source Workers:		  0
[2020.09.02-05.44.25:713][730]LogAudio: Display: AudioDevice MaxSources: 32
[2020.09.02-05.44.25:714][730]LogAudio: Display: Using built-in audio occlusion.
[2020.09.02-05.44.25:714][730]LogAudioMixer: Display: Initializing audio mixer.
[2020.09.02-05.44.25:714][730]LogAudioMixer: Display: Using Audio Device Unknown
[2020.09.02-05.44.25:716][730]LogInit: FAudioDevice initialized.
[2020.09.02-05.44.25:724][730]LogLoad: Game class is 'ThirdPersonGameMode_C'
[2020.09.02-05.44.25:730][730]LogWorld: Bringing World /Game/地圖/UEDPIE_0_遊戲關卡.遊戲關卡 up for play (max tick rate 0) at 2020.09.02-13.44.25
[2020.09.02-05.44.25:731][730]LogWorld: Bringing up level for play took: 0.005113
[2020.09.02-05.44.25:731][730]LogOnline: OSS: Creating online subsystem instance for: :Context_7
[2020.09.02-05.44.25:735][730]LogContentBrowser: Native class hierarchy updated for 'MovieSceneCapture' in 0.0002 seconds. Added 20 classes and 0 folders.
[2020.09.02-05.44.25:737][730]PIE: Play in editor start time for /Game/地圖/UEDPIE_0_遊戲關卡 -0.282
[2020.09.02-05.47.29:396][122]LogAudioMixer: Display: No commands were queued while flushing the source manager.
[2020.09.02-05.47.29:396][122]LogAudioMixer: Display: No commands were queued while flushing the source manager.
[2020.09.02-05.47.29:396][122]LogSlate: Updating window title bar state: overlay mode, drag disabled, window buttons hidden, title bar hidden
[2020.09.02-05.47.29:396][122]LogWorld: BeginTearingDown for /Game/地圖/UEDPIE_0_遊戲關卡
[2020.09.02-05.47.29:396][122]LogAudioMixer: Display: No commands were queued while flushing the source manager.
[2020.09.02-05.47.29:396][122]LogWorld: UWorld::CleanupWorld for 遊戲關卡, bSessionEnded=true, bCleanupResources=true
[2020.09.02-05.47.29:397][122]LogSlate: InvalidateAllWidgets triggered.  All widgets were invalidated
[2020.09.02-05.47.29:426][122]LogPlayLevel: Display: Shutting down PIE online subsystems
[2020.09.02-05.47.29:431][122]LogSlate: InvalidateAllWidgets triggered.  All widgets were invalidated
[2020.09.02-05.47.29:460][122]LogAudioMixer: Display: No commands were queued while flushing the source manager.
[2020.09.02-05.47.29:482][122]LogSlate: Updating window title bar state: overlay mode, drag disabled, window buttons hidden, title bar hidden
[2020.09.02-05.47.29:487][122]LogUObjectHash: Compacting FUObjectHashTables data took   3.54ms
[2020.09.02-05.47.29:502][123]LogPlayLevel: Display: Destroying online subsystem :Context_7
[2020.09.02-05.47.43:355][762]LogTemp: Repeating last play command: Selected Viewport
[2020.09.02-05.47.43:372][762]LogPlayLevel: PlayLevel: No blueprints needed recompiling
[2020.09.02-05.47.43:373][762]PIE: New page: PIE session: 遊戲關卡 (2020年9月2日 下午9:47:43)
[2020.09.02-05.47.43:373][762]LogPlayLevel: Creating play world package: /Game/地圖/UEDPIE_0_遊戲關卡
[2020.09.02-05.47.43:380][762]LogPlayLevel: PIE: StaticDuplicateObject took: (0.006608s)
[2020.09.02-05.47.43:380][762]LogAIModule: Creating AISystem for world 遊戲關卡
[2020.09.02-05.47.43:380][762]LogPlayLevel: PIE: World Init took: (0.000665s)
[2020.09.02-05.47.43:380][762]LogPlayLevel: PIE: Created PIE world by copying editor world from /Game/地圖/遊戲關卡.遊戲關卡 to /Game/地圖/UEDPIE_0_遊戲關卡.遊戲關卡 (0.007375s)
[2020.09.02-05.47.43:410][762]LogUObjectHash: Compacting FUObjectHashTables data took   2.47ms
[2020.09.02-05.47.43:415][762]LogAudioMixer: Display: Audio Mixer Platform Settings:
[2020.09.02-05.47.43:415][762]LogAudioMixer: Display: 	Sample Rate:						  48000
[2020.09.02-05.47.43:415][762]LogAudioMixer: Display: 	Callback Buffer Frame Size Requested: 1024
[2020.09.02-05.47.43:415][762]LogAudioMixer: Display: 	Callback Buffer Frame Size To Use:	  1024
[2020.09.02-05.47.43:415][762]LogAudioMixer: Display: 	Number of buffers to queue:			  2
[2020.09.02-05.47.43:415][762]LogAudioMixer: Display: 	Max Channels (voices):				  32
[2020.09.02-05.47.43:415][762]LogAudioMixer: Display: 	Number of Async Source Workers:		  0
[2020.09.02-05.47.43:415][762]LogAudio: Display: AudioDevice MaxSources: 32
[2020.09.02-05.47.43:416][762]LogAudio: Display: Using built-in audio occlusion.
[2020.09.02-05.47.43:416][762]LogAudioMixer: Display: Initializing audio mixer.
[2020.09.02-05.47.43:417][762]LogAudioMixer: Display: Using Audio Device Unknown
[2020.09.02-05.47.43:419][762]LogInit: FAudioDevice initialized.
[2020.09.02-05.47.43:425][762]LogLoad: Game class is 'ThirdPersonGameMode_C'
[2020.09.02-05.47.43:430][762]LogWorld: Bringing World /Game/地圖/UEDPIE_0_遊戲關卡.遊戲關卡 up for play (max tick rate 0) at 2020.09.02-13.47.43
[2020.09.02-05.47.43:431][762]LogWorld: Bringing up level for play took: 0.004917
[2020.09.02-05.47.43:431][762]LogOnline: OSS: Creating online subsystem instance for: :Context_8
[2020.09.02-05.47.43:433][762]PIE: Play in editor start time for /Game/地圖/UEDPIE_0_遊戲關卡 -0.586
[2020.09.02-05.49.30:908][835]LogAudioMixer: Display: No commands were queued while flushing the source manager.
[2020.09.02-05.49.30:909][835]LogAudioMixer: Display: No commands were queued while flushing the source manager.
[2020.09.02-05.49.30:909][835]LogSlate: Updating window title bar state: overlay mode, drag disabled, window buttons hidden, title bar hidden
[2020.09.02-05.49.30:909][835]LogWorld: BeginTearingDown for /Game/地圖/UEDPIE_0_遊戲關卡
[2020.09.02-05.49.30:909][835]LogAudioMixer: Display: No commands were queued while flushing the source manager.
[2020.09.02-05.49.30:909][835]LogWorld: UWorld::CleanupWorld for 遊戲關卡, bSessionEnded=true, bCleanupResources=true
[2020.09.02-05.49.30:910][835]LogSlate: InvalidateAllWidgets triggered.  All widgets were invalidated
[2020.09.02-05.49.30:942][835]LogPlayLevel: Display: Shutting down PIE online subsystems
[2020.09.02-05.49.30:947][835]LogSlate: InvalidateAllWidgets triggered.  All widgets were invalidated
[2020.09.02-05.49.30:978][835]LogAudioMixer: Display: No commands were queued while flushing the source manager.
[2020.09.02-05.49.30:981][835]LogSlate: Updating window title bar state: overlay mode, drag disabled, window buttons hidden, title bar hidden
[2020.09.02-05.49.30:985][835]LogUObjectHash: Compacting FUObjectHashTables data took   2.43ms
[2020.09.02-05.49.31:018][837]LogPlayLevel: Display: Destroying online subsystem :Context_8
[2020.09.02-06.02.56:946][105]LogSlate: Window 'Pick Parent Class' being destroyed
[2020.09.02-06.03.24:497][224]LogAssetEditorSubsystem: Opening Asset editor for Blueprint /Game/BP/BP_要使.BP_要使
[2020.09.02-06.03.24:799][225]LogRenderer: Reallocating scene render targets to support 1208x900 Format 10 NumSamples 1 (Frame:1).
[2020.09.02-06.03.30:672][921]LogWorld: UWorld::CleanupWorld for World_6, bSessionEnded=true, bCleanupResources=true
[2020.09.02-06.03.30:672][921]LogSlate: InvalidateAllWidgets triggered.  All widgets were invalidated
[2020.09.02-06.03.34:516][288]LogUObjectHash: Compacting FUObjectHashTables data took   2.85ms
[2020.09.02-06.03.35:820][288]LogSlate: Window 'Delete Assets' being destroyed
[2020.09.02-06.03.35:921][288]LogUObjectHash: Compacting FUObjectHashTables data took   2.23ms
[2020.09.02-06.03.39:927][591]LogSlate: Window 'Pick Parent Class' being destroyed
[2020.09.02-06.04.24:150][756]Cmd: OBJ SAVEPACKAGE PACKAGE="/Game/BP/BP_鑰匙" FILE="D:/ting/Unreal_CY_RPG_New2/RPG/Content/BP/BP_鑰匙.uasset" SILENT=true
[2020.09.02-06.04.24:157][756]LogSavePackage: Moving 'D:/ting/Unreal_CY_RPG_New2/RPG/Saved/BP_鑰匙0A7598EB46EE08189F1803A878167B6F.tmp' to 'D:/ting/Unreal_CY_RPG_New2/RPG/Content/BP/BP_鑰匙.uasset'
[2020.09.02-06.04.24:170][756]AssetCheck: New page: Asset Save: BP_鑰匙
[2020.09.02-06.04.24:170][756]LogContentValidation: Display: Validating Blueprint /Game/BP/BP_鑰匙.BP_鑰匙
[2020.09.02-06.04.37:434][773]LogAssetEditorSubsystem: Opening Asset editor for Blueprint /Game/BP/BP_鑰匙.BP_鑰匙
[2020.09.02-06.06.00:985][386]LogStaticMesh: Building static mesh SM_Lock_Key...
[2020.09.02-06.06.01:015][386]LogStaticMesh: Built static mesh [0.03s] /Game/MedievalDungeon/Meshes/Props/SM_Lock_Key.SM_Lock_Key
[2020.09.02-06.06.19:090][217]BlueprintLog: New page: Compile BP_鑰匙
[2020.09.02-06.06.19:355][217]LogUObjectHash: Compacting FUObjectHashTables data took   4.22ms
[2020.09.02-06.06.19:734][256]Cmd: OBJ SAVEPACKAGE PACKAGE="/Game/BP/BP_鑰匙" FILE="D:/ting/Unreal_CY_RPG_New2/RPG/Content/BP/BP_鑰匙.uasset" SILENT=true
[2020.09.02-06.06.19:759][256]LogSavePackage: Moving 'D:/ting/Unreal_CY_RPG_New2/RPG/Saved/BP_鑰匙D625F1AA4EF3FFA2777B3FB702132C2A.tmp' to 'D:/ting/Unreal_CY_RPG_New2/RPG/Content/BP/BP_鑰匙.uasset'
[2020.09.02-06.06.19:769][256]AssetCheck: New page: Asset Save: BP_鑰匙
[2020.09.02-06.06.19:769][256]LogContentValidation: Display: Validating Blueprint /Game/BP/BP_鑰匙.BP_鑰匙
[2020.09.02-06.06.22:360][555]LogTemp: Repeating last play command: Selected Viewport
[2020.09.02-06.06.22:377][555]LogPlayLevel: PlayLevel: No blueprints needed recompiling
[2020.09.02-06.06.22:377][555]PIE: New page: PIE session: 遊戲關卡 (2020年9月2日 下午10:06:22)
[2020.09.02-06.06.22:377][555]LogPlayLevel: Creating play world package: /Game/地圖/UEDPIE_0_遊戲關卡
[2020.09.02-06.06.22:383][555]LogPlayLevel: PIE: StaticDuplicateObject took: (0.006528s)
[2020.09.02-06.06.22:384][555]LogAIModule: Creating AISystem for world 遊戲關卡
[2020.09.02-06.06.22:384][555]LogPlayLevel: PIE: World Init took: (0.000664s)
[2020.09.02-06.06.22:384][555]LogPlayLevel: PIE: Created PIE world by copying editor world from /Game/地圖/遊戲關卡.遊戲關卡 to /Game/地圖/UEDPIE_0_遊戲關卡.遊戲關卡 (0.007287s)
[2020.09.02-06.06.22:424][555]LogUObjectHash: Compacting FUObjectHashTables data took   3.89ms
[2020.09.02-06.06.22:425][555]LogAudioMixer: Display: Audio Mixer Platform Settings:
[2020.09.02-06.06.22:425][555]LogAudioMixer: Display: 	Sample Rate:						  48000
[2020.09.02-06.06.22:425][555]LogAudioMixer: Display: 	Callback Buffer Frame Size Requested: 1024
[2020.09.02-06.06.22:425][555]LogAudioMixer: Display: 	Callback Buffer Frame Size To Use:	  1024
[2020.09.02-06.06.22:425][555]LogAudioMixer: Display: 	Number of buffers to queue:			  2
[2020.09.02-06.06.22:425][555]LogAudioMixer: Display: 	Max Channels (voices):				  32
[2020.09.02-06.06.22:425][555]LogAudioMixer: Display: 	Number of Async Source Workers:		  0
[2020.09.02-06.06.22:425][555]LogAudio: Display: AudioDevice MaxSources: 32
[2020.09.02-06.06.22:426][555]LogAudio: Display: Using built-in audio occlusion.
[2020.09.02-06.06.22:426][555]LogAudioMixer: Display: Initializing audio mixer.
[2020.09.02-06.06.22:426][555]LogAudioMixer: Display: Using Audio Device Unknown
[2020.09.02-06.06.22:428][555]LogInit: FAudioDevice initialized.
[2020.09.02-06.06.22:474][555]LogSlate: Updating window title bar state: overlay mode, drag disabled, window buttons hidden, title bar hidden
[2020.09.02-06.06.22:474][555]LogLoad: Game class is 'ThirdPersonGameMode_C'
[2020.09.02-06.06.22:479][555]LogWorld: Bringing World /Game/地圖/UEDPIE_0_遊戲關卡.遊戲關卡 up for play (max tick rate 0) at 2020.09.02-14.06.22
[2020.09.02-06.06.22:480][555]LogWorld: Bringing up level for play took: 0.005277
[2020.09.02-06.06.22:480][555]LogOnline: OSS: Creating online subsystem instance for: :Context_14
[2020.09.02-06.06.22:484][555]PIE: Play in editor start time for /Game/地圖/UEDPIE_0_遊戲關卡 0.465
[2020.09.02-06.06.22:513][557]LogRenderer: Reallocating scene render targets to support 1280x900 Format 10 NumSamples 1 (Frame:1).
[2020.09.02-06.06.47:536][268]LogAudioMixer: Display: No commands were queued while flushing the source manager.
[2020.09.02-06.06.47:536][268]LogAudioMixer: Display: No commands were queued while flushing the source manager.
[2020.09.02-06.06.47:536][268]LogSlate: Updating window title bar state: overlay mode, drag disabled, window buttons hidden, title bar hidden
[2020.09.02-06.06.47:536][268]LogWorld: BeginTearingDown for /Game/地圖/UEDPIE_0_遊戲關卡
[2020.09.02-06.06.47:549][268]LogSlate: Window 'RPG Game Preview Standalone (64-bit/PCD3D_SM5)' being destroyed
[2020.09.02-06.06.47:572][268]LogAudioMixer: Display: No commands were queued while flushing the source manager.
[2020.09.02-06.06.47:572][268]LogWorld: UWorld::CleanupWorld for 遊戲關卡, bSessionEnded=true, bCleanupResources=true
[2020.09.02-06.06.47:573][268]LogSlate: InvalidateAllWidgets triggered.  All widgets were invalidated
[2020.09.02-06.06.47:586][268]LogPlayLevel: Display: Shutting down PIE online subsystems
[2020.09.02-06.06.47:592][268]LogSlate: InvalidateAllWidgets triggered.  All widgets were invalidated
[2020.09.02-06.06.47:626][268]LogAudioMixer: Display: No commands were queued while flushing the source manager.
[2020.09.02-06.06.47:648][268]LogUObjectHash: Compacting FUObjectHashTables data took   2.90ms
[2020.09.02-06.06.47:658][269]LogPlayLevel: Display: Destroying online subsystem :Context_14
[2020.09.02-06.07.42:363][574]LogEditorViewport: Clicking on Actor (LMB): StaticMeshActor (SM_Crypt_Floor4)
[2020.09.02-06.07.52:175][742]LogEditorViewport: Clicking on Actor (context menu): StaticMeshActor (SM_Gargoyle_Statue)
[2020.09.02-06.07.53:170][833]LogEditorViewport: Clicking on Actor (LMB): StaticMeshActor (SM_Gargoyle_Statue)
[2020.09.02-06.07.56:039][175]LogEditorViewport: Clicking on Actor (LMB): BP_鑰匙_C (BP_鑰匙)
[2020.09.02-06.07.59:138][541]LogTemp: Repeating last play command: Selected Viewport
[2020.09.02-06.07.59:153][541]LogPlayLevel: PlayLevel: No blueprints needed recompiling
[2020.09.02-06.07.59:153][541]PIE: New page: PIE session: 遊戲關卡 (2020年9月2日 下午10:07:59)
[2020.09.02-06.07.59:153][541]LogPlayLevel: Creating play world package: /Game/地圖/UEDPIE_0_遊戲關卡
[2020.09.02-06.07.59:160][541]LogPlayLevel: PIE: StaticDuplicateObject took: (0.007041s)
[2020.09.02-06.07.59:161][541]LogAIModule: Creating AISystem for world 遊戲關卡
[2020.09.02-06.07.59:161][541]LogPlayLevel: PIE: World Init took: (0.000690s)
[2020.09.02-06.07.59:161][541]LogPlayLevel: PIE: Created PIE world by copying editor world from /Game/地圖/遊戲關卡.遊戲關卡 to /Game/地圖/UEDPIE_0_遊戲關卡.遊戲關卡 (0.007832s)
[2020.09.02-06.07.59:197][541]LogUObjectHash: Compacting FUObjectHashTables data took   3.23ms
[2020.09.02-06.07.59:201][541]LogAudioMixer: Display: Audio Mixer Platform Settings:
[2020.09.02-06.07.59:201][541]LogAudioMixer: Display: 	Sample Rate:						  48000
[2020.09.02-06.07.59:201][541]LogAudioMixer: Display: 	Callback Buffer Frame Size Requested: 1024
[2020.09.02-06.07.59:201][541]LogAudioMixer: Display: 	Callback Buffer Frame Size To Use:	  1024
[2020.09.02-06.07.59:201][541]LogAudioMixer: Display: 	Number of buffers to queue:			  2
[2020.09.02-06.07.59:201][541]LogAudioMixer: Display: 	Max Channels (voices):				  32
[2020.09.02-06.07.59:201][541]LogAudioMixer: Display: 	Number of Async Source Workers:		  0
[2020.09.02-06.07.59:201][541]LogAudio: Display: AudioDevice MaxSources: 32
[2020.09.02-06.07.59:201][541]LogAudio: Display: Using built-in audio occlusion.
[2020.09.02-06.07.59:201][541]LogAudioMixer: Display: Initializing audio mixer.
[2020.09.02-06.07.59:202][541]LogAudioMixer: Display: Using Audio Device Unknown
[2020.09.02-06.07.59:203][541]LogInit: FAudioDevice initialized.
[2020.09.02-06.07.59:213][541]LogLoad: Game class is 'ThirdPersonGameMode_C'
[2020.09.02-06.07.59:218][541]LogWorld: Bringing World /Game/地圖/UEDPIE_0_遊戲關卡.遊戲關卡 up for play (max tick rate 0) at 2020.09.02-14.07.59
[2020.09.02-06.07.59:218][541]LogWorld: Bringing up level for play took: 0.004817
[2020.09.02-06.07.59:219][541]LogOnline: OSS: Creating online subsystem instance for: :Context_15
[2020.09.02-06.07.59:221][541]PIE: Play in editor start time for /Game/地圖/UEDPIE_0_遊戲關卡 -0.798
[2020.09.02-06.08.01:971][787]LogAudioMixer: Display: No commands were queued while flushing the source manager.
[2020.09.02-06.08.01:971][787]LogAudioMixer: Display: No commands were queued while flushing the source manager.
[2020.09.02-06.08.01:972][787]LogSlate: Updating window title bar state: overlay mode, drag disabled, window buttons hidden, title bar hidden
[2020.09.02-06.08.01:972][787]LogWorld: BeginTearingDown for /Game/地圖/UEDPIE_0_遊戲關卡
[2020.09.02-06.08.01:972][787]LogAudioMixer: Display: No commands were queued while flushing the source manager.
[2020.09.02-06.08.01:972][787]LogWorld: UWorld::CleanupWorld for 遊戲關卡, bSessionEnded=true, bCleanupResources=true
[2020.09.02-06.08.01:973][787]LogSlate: InvalidateAllWidgets triggered.  All widgets were invalidated
[2020.09.02-06.08.02:005][787]LogPlayLevel: Display: Shutting down PIE online subsystems
[2020.09.02-06.08.02:010][787]LogSlate: InvalidateAllWidgets triggered.  All widgets were invalidated
[2020.09.02-06.08.02:043][787]LogAudioMixer: Display: No commands were queued while flushing the source manager.
[2020.09.02-06.08.02:063][787]LogSlate: Updating window title bar state: overlay mode, drag disabled, window buttons hidden, title bar hidden
[2020.09.02-06.08.02:067][787]LogUObjectHash: Compacting FUObjectHashTables data took   3.17ms
[2020.09.02-06.08.02:079][788]LogPlayLevel: Display: Destroying online subsystem :Context_15
[2020.09.02-06.08.02:991][894]LogUObjectHash: Compacting FUObjectHashTables data took   0.82ms
[2020.09.02-06.08.03:007][894]Cmd: OBJ SAVEPACKAGE PACKAGE="/Game/地圖/遊戲關卡" FILE="D:/ting/Unreal_CY_RPG_New2/RPG/Content/地圖/遊戲關卡.umap" SILENT=true AUTOSAVING=false KEEPDIRTY=false
[2020.09.02-06.08.03:042][894]LogUObjectHash: Compacting FUObjectHashTables data took   0.93ms
[2020.09.02-06.08.03:089][894]LogSavePackage: Moving 'D:/ting/Unreal_CY_RPG_New2/RPG/Saved/遊戲關卡B085FA3247CA6C745C7B40BA1D2AA323.tmp' to 'D:/ting/Unreal_CY_RPG_New2/RPG/Content/地圖/遊戲關卡.umap'
[2020.09.02-06.08.03:118][894]LogFileHelpers: Saving map '遊戲關卡' took 0.112
[2020.09.02-06.08.03:128][894]AssetCheck: New page: Asset Save: 遊戲關卡
[2020.09.02-06.08.03:128][894]LogContentValidation: Display: Validating World /Game/地圖/遊戲關卡.遊戲關卡
[2020.09.02-06.08.04:739][ 76]LogTemp: Repeating last play command: Selected Viewport
[2020.09.02-06.08.04:752][ 76]LogPlayLevel: PlayLevel: No blueprints needed recompiling
[2020.09.02-06.08.04:752][ 76]PIE: New page: PIE session: 遊戲關卡 (2020年9月2日 下午10:08:04)
[2020.09.02-06.08.04:752][ 76]LogPlayLevel: Creating play world package: /Game/地圖/UEDPIE_0_遊戲關卡
[2020.09.02-06.08.04:759][ 76]LogPlayLevel: PIE: StaticDuplicateObject took: (0.007043s)
[2020.09.02-06.08.04:760][ 76]LogAIModule: Creating AISystem for world 遊戲關卡
[2020.09.02-06.08.04:760][ 76]LogPlayLevel: PIE: World Init took: (0.000688s)
[2020.09.02-06.08.04:760][ 76]LogPlayLevel: PIE: Created PIE world by copying editor world from /Game/地圖/遊戲關卡.遊戲關卡 to /Game/地圖/UEDPIE_0_遊戲關卡.遊戲關卡 (0.007827s)
[2020.09.02-06.08.04:796][ 76]LogUObjectHash: Compacting FUObjectHashTables data took   3.08ms
[2020.09.02-06.08.04:797][ 76]LogAudioMixer: Display: Audio Mixer Platform Settings:
[2020.09.02-06.08.04:797][ 76]LogAudioMixer: Display: 	Sample Rate:						  48000
[2020.09.02-06.08.04:797][ 76]LogAudioMixer: Display: 	Callback Buffer Frame Size Requested: 1024
[2020.09.02-06.08.04:797][ 76]LogAudioMixer: Display: 	Callback Buffer Frame Size To Use:	  1024
[2020.09.02-06.08.04:797][ 76]LogAudioMixer: Display: 	Number of buffers to queue:			  2
[2020.09.02-06.08.04:797][ 76]LogAudioMixer: Display: 	Max Channels (voices):				  32
[2020.09.02-06.08.04:797][ 76]LogAudioMixer: Display: 	Number of Async Source Workers:		  0
[2020.09.02-06.08.04:797][ 76]LogAudio: Display: AudioDevice MaxSources: 32
[2020.09.02-06.08.04:797][ 76]LogAudio: Display: Using built-in audio occlusion.
[2020.09.02-06.08.04:797][ 76]LogAudioMixer: Display: Initializing audio mixer.
[2020.09.02-06.08.04:798][ 76]LogAudioMixer: Display: Using Audio Device Unknown
[2020.09.02-06.08.04:799][ 76]LogInit: FAudioDevice initialized.
[2020.09.02-06.08.04:806][ 76]LogLoad: Game class is 'ThirdPersonGameMode_C'
[2020.09.02-06.08.04:812][ 76]LogWorld: Bringing World /Game/地圖/UEDPIE_0_遊戲關卡.遊戲關卡 up for play (max tick rate 0) at 2020.09.02-14.08.04
[2020.09.02-06.08.04:812][ 76]LogWorld: Bringing up level for play took: 0.004858
[2020.09.02-06.08.04:812][ 76]LogOnline: OSS: Creating online subsystem instance for: :Context_16
[2020.09.02-06.08.04:815][ 76]PIE: Play in editor start time for /Game/地圖/UEDPIE_0_遊戲關卡 0.796
[2020.09.02-06.10.27:489][714]LogAudioMixer: Display: No commands were queued while flushing the source manager.
[2020.09.02-06.10.27:489][714]LogAudioMixer: Display: No commands were queued while flushing the source manager.
[2020.09.02-06.10.27:489][714]LogSlate: Updating window title bar state: overlay mode, drag disabled, window buttons hidden, title bar hidden
[2020.09.02-06.10.27:489][714]LogWorld: BeginTearingDown for /Game/地圖/UEDPIE_0_遊戲關卡
[2020.09.02-06.10.27:489][714]LogAudioMixer: Display: No commands were queued while flushing the source manager.
[2020.09.02-06.10.27:489][714]LogWorld: UWorld::CleanupWorld for 遊戲關卡, bSessionEnded=true, bCleanupResources=true
[2020.09.02-06.10.27:490][714]LogSlate: InvalidateAllWidgets triggered.  All widgets were invalidated
[2020.09.02-06.10.27:520][714]LogPlayLevel: Display: Shutting down PIE online subsystems
[2020.09.02-06.10.27:526][714]LogSlate: InvalidateAllWidgets triggered.  All widgets were invalidated
[2020.09.02-06.10.27:559][714]LogAudioMixer: Display: No commands were queued while flushing the source manager.
[2020.09.02-06.10.27:563][714]LogSlate: Updating window title bar state: overlay mode, drag disabled, window buttons hidden, title bar hidden
[2020.09.02-06.10.27:567][714]LogUObjectHash: Compacting FUObjectHashTables data took   3.19ms
[2020.09.02-06.10.27:603][716]LogPlayLevel: Display: Destroying online subsystem :Context_16
[2020.09.02-06.10.28:378][805]LogUObjectHash: Compacting FUObjectHashTables data took   0.93ms
[2020.09.02-06.15.05:863][ 93]LogEditorViewport: Clicking on Actor (LMB): BP_鑰匙_C (BP_鑰匙)
